{"C:\\Users\\karls\\ergoblock\\src\\background.ts": {"path":"C:\\Users\\karls\\ergoblock\\src\\background.ts","statementMap":{"0":{"start":{"line":10,"column":19},"end":{"line":10,"column":null}},"1":{"start":{"line":26,"column":17},"end":{"line":26,"column":null}},"2":{"start":{"line":27,"column":2},"end":{"line":27,"column":null}},"3":{"start":{"line":37,"column":18},"end":{"line":37,"column":null}},"4":{"start":{"line":38,"column":14},"end":{"line":38,"column":null}},"5":{"start":{"line":39,"column":2},"end":{"line":39,"column":null}},"6":{"start":{"line":41,"column":31},"end":{"line":47,"column":null}},"7":{"start":{"line":49,"column":2},"end":{"line":51,"column":null}},"8":{"start":{"line":50,"column":4},"end":{"line":50,"column":null}},"9":{"start":{"line":53,"column":19},"end":{"line":53,"column":null}},"10":{"start":{"line":55,"column":2},"end":{"line":59,"column":null}},"11":{"start":{"line":56,"column":19},"end":{"line":56,"column":null}},"12":{"start":{"line":56,"column":54},"end":{"line":56,"column":57}},"13":{"start":{"line":57,"column":4},"end":{"line":57,"column":null}},"14":{"start":{"line":58,"column":4},"end":{"line":58,"column":null}},"15":{"start":{"line":61,"column":15},"end":{"line":61,"column":null}},"16":{"start":{"line":62,"column":2},"end":{"line":62,"column":null}},"17":{"start":{"line":71,"column":17},"end":{"line":77,"column":null}},"18":{"start":{"line":79,"column":22},"end":{"line":79,"column":null}},"19":{"start":{"line":79,"column":51},"end":{"line":79,"column":74}},"20":{"start":{"line":80,"column":2},"end":{"line":83,"column":null}},"21":{"start":{"line":81,"column":4},"end":{"line":81,"column":null}},"22":{"start":{"line":82,"column":4},"end":{"line":82,"column":null}},"23":{"start":{"line":85,"column":15},"end":{"line":85,"column":null}},"24":{"start":{"line":86,"column":2},"end":{"line":96,"column":null}},"25":{"start":{"line":98,"column":2},"end":{"line":98,"column":null}},"26":{"start":{"line":102,"column":2},"end":{"line":102,"column":null}},"27":{"start":{"line":103,"column":2},"end":{"line":103,"column":null}},"28":{"start":{"line":107,"column":18},"end":{"line":107,"column":null}},"29":{"start":{"line":108,"column":2},"end":{"line":111,"column":null}},"30":{"start":{"line":109,"column":4},"end":{"line":109,"column":null}},"31":{"start":{"line":110,"column":4},"end":{"line":110,"column":null}},"32":{"start":{"line":113,"column":17},"end":{"line":113,"column":null}},"33":{"start":{"line":114,"column":16},"end":{"line":114,"column":null}},"34":{"start":{"line":115,"column":16},"end":{"line":115,"column":null}},"35":{"start":{"line":117,"column":2},"end":{"line":117,"column":null}},"36":{"start":{"line":118,"column":2},"end":{"line":118,"column":null}},"37":{"start":{"line":127,"column":18},"end":{"line":127,"column":null}},"38":{"start":{"line":128,"column":2},"end":{"line":130,"column":null}},"39":{"start":{"line":129,"column":4},"end":{"line":129,"column":null}},"40":{"start":{"line":135,"column":2},"end":{"line":141,"column":null}},"41":{"start":{"line":136,"column":4},"end":{"line":136,"column":null}},"42":{"start":{"line":137,"column":4},"end":{"line":137,"column":null}},"43":{"start":{"line":139,"column":4},"end":{"line":139,"column":null}},"44":{"start":{"line":140,"column":4},"end":{"line":140,"column":null}},"45":{"start":{"line":143,"column":2},"end":{"line":149,"column":null}},"46":{"start":{"line":153,"column":2},"end":{"line":153,"column":null}},"47":{"start":{"line":155,"column":15},"end":{"line":155,"column":null}},"48":{"start":{"line":156,"column":2},"end":{"line":159,"column":null}},"49":{"start":{"line":157,"column":4},"end":{"line":157,"column":null}},"50":{"start":{"line":158,"column":4},"end":{"line":158,"column":null}},"51":{"start":{"line":161,"column":2},"end":{"line":161,"column":null}},"52":{"start":{"line":162,"column":14},"end":{"line":162,"column":null}},"53":{"start":{"line":165,"column":17},"end":{"line":165,"column":null}},"54":{"start":{"line":166,"column":64},"end":{"line":166,"column":null}},"55":{"start":{"line":168,"column":2},"end":{"line":205,"column":null}},"56":{"start":{"line":169,"column":4},"end":{"line":204,"column":null}},"57":{"start":{"line":170,"column":6},"end":{"line":170,"column":null}},"58":{"start":{"line":171,"column":6},"end":{"line":203,"column":null}},"59":{"start":{"line":172,"column":8},"end":{"line":172,"column":null}},"60":{"start":{"line":173,"column":8},"end":{"line":173,"column":null}},"61":{"start":{"line":174,"column":8},"end":{"line":182,"column":null}},"62":{"start":{"line":183,"column":8},"end":{"line":183,"column":null}},"63":{"start":{"line":184,"column":8},"end":{"line":184,"column":null}},"64":{"start":{"line":185,"column":8},"end":{"line":185,"column":null}},"65":{"start":{"line":187,"column":8},"end":{"line":187,"column":null}},"66":{"start":{"line":188,"column":8},"end":{"line":196,"column":null}},"67":{"start":{"line":197,"column":8},"end":{"line":202,"column":null}},"68":{"start":{"line":208,"column":16},"end":{"line":208,"column":null}},"69":{"start":{"line":209,"column":63},"end":{"line":209,"column":null}},"70":{"start":{"line":211,"column":2},"end":{"line":248,"column":null}},"71":{"start":{"line":212,"column":4},"end":{"line":247,"column":null}},"72":{"start":{"line":213,"column":6},"end":{"line":213,"column":null}},"73":{"start":{"line":214,"column":6},"end":{"line":246,"column":null}},"74":{"start":{"line":215,"column":8},"end":{"line":215,"column":null}},"75":{"start":{"line":216,"column":8},"end":{"line":216,"column":null}},"76":{"start":{"line":217,"column":8},"end":{"line":225,"column":null}},"77":{"start":{"line":226,"column":8},"end":{"line":226,"column":null}},"78":{"start":{"line":227,"column":8},"end":{"line":227,"column":null}},"79":{"start":{"line":228,"column":8},"end":{"line":228,"column":null}},"80":{"start":{"line":230,"column":8},"end":{"line":230,"column":null}},"81":{"start":{"line":231,"column":8},"end":{"line":239,"column":null}},"82":{"start":{"line":240,"column":8},"end":{"line":245,"column":null}},"83":{"start":{"line":250,"column":2},"end":{"line":250,"column":null}},"84":{"start":{"line":251,"column":2},"end":{"line":251,"column":null}},"85":{"start":{"line":255,"column":18},"end":{"line":255,"column":null}},"86":{"start":{"line":256,"column":26},"end":{"line":256,"column":null}},"87":{"start":{"line":258,"column":2},"end":{"line":258,"column":null}},"88":{"start":{"line":259,"column":2},"end":{"line":261,"column":null}},"89":{"start":{"line":262,"column":2},"end":{"line":262,"column":null}},"90":{"start":{"line":266,"column":0},"end":{"line":270,"column":null}},"91":{"start":{"line":267,"column":2},"end":{"line":269,"column":null}},"92":{"start":{"line":268,"column":4},"end":{"line":268,"column":null}},"93":{"start":{"line":278,"column":0},"end":{"line":299,"column":null}},"94":{"start":{"line":280,"column":4},"end":{"line":280,"column":null}},"95":{"start":{"line":282,"column":4},"end":{"line":285,"column":null}},"96":{"start":{"line":283,"column":6},"end":{"line":283,"column":null}},"97":{"start":{"line":284,"column":6},"end":{"line":284,"column":null}},"98":{"start":{"line":287,"column":4},"end":{"line":290,"column":null}},"99":{"start":{"line":288,"column":6},"end":{"line":288,"column":null}},"100":{"start":{"line":289,"column":6},"end":{"line":289,"column":null}},"101":{"start":{"line":292,"column":4},"end":{"line":295,"column":null}},"102":{"start":{"line":293,"column":6},"end":{"line":293,"column":null}},"103":{"start":{"line":293,"column":36},"end":{"line":293,"column":67}},"104":{"start":{"line":294,"column":6},"end":{"line":294,"column":null}},"105":{"start":{"line":297,"column":4},"end":{"line":297,"column":null}},"106":{"start":{"line":302,"column":0},"end":{"line":306,"column":null}},"107":{"start":{"line":303,"column":2},"end":{"line":303,"column":null}},"108":{"start":{"line":304,"column":2},"end":{"line":304,"column":null}},"109":{"start":{"line":305,"column":2},"end":{"line":305,"column":null}},"110":{"start":{"line":308,"column":0},"end":{"line":312,"column":null}},"111":{"start":{"line":309,"column":2},"end":{"line":309,"column":null}},"112":{"start":{"line":310,"column":2},"end":{"line":310,"column":null}},"113":{"start":{"line":311,"column":2},"end":{"line":311,"column":null}}},"fnMap":{"0":{"name":"getAuthToken","decl":{"start":{"line":25,"column":15},"end":{"line":25,"column":56}},"loc":{"start":{"line":25,"column":56},"end":{"line":28,"column":null}},"line":25},"1":{"name":"apiRequest","decl":{"start":{"line":30,"column":15},"end":{"line":30,"column":null}},"loc":{"start":{"line":36,"column":21},"end":{"line":63,"column":null}},"line":36},"2":{"name":"(anonymous_2)","decl":{"start":{"line":56,"column":47},"end":{"line":56,"column":54}},"loc":{"start":{"line":56,"column":54},"end":{"line":56,"column":57}},"line":56},"3":{"name":"unblockUser","decl":{"start":{"line":65,"column":15},"end":{"line":65,"column":null}},"loc":{"start":{"line":70,"column":20},"end":{"line":99,"column":null}},"line":70},"4":{"name":"(anonymous_4)","decl":{"start":{"line":79,"column":44},"end":{"line":79,"column":45}},"loc":{"start":{"line":79,"column":51},"end":{"line":79,"column":74}},"line":79},"5":{"name":"unmuteUser","decl":{"start":{"line":101,"column":15},"end":{"line":101,"column":26}},"loc":{"start":{"line":101,"column":88},"end":{"line":104,"column":null}},"line":101},"6":{"name":"updateBadge","decl":{"start":{"line":106,"column":15},"end":{"line":106,"column":44}},"loc":{"start":{"line":106,"column":44},"end":{"line":119,"column":null}},"line":106},"7":{"name":"sendNotification","decl":{"start":{"line":121,"column":15},"end":{"line":121,"column":null}},"loc":{"start":{"line":126,"column":17},"end":{"line":150,"column":null}},"line":126},"8":{"name":"checkExpirations","decl":{"start":{"line":152,"column":15},"end":{"line":152,"column":49}},"loc":{"start":{"line":152,"column":49},"end":{"line":252,"column":null}},"line":152},"9":{"name":"setupAlarm","decl":{"start":{"line":254,"column":15},"end":{"line":254,"column":43}},"loc":{"start":{"line":254,"column":43},"end":{"line":263,"column":null}},"line":254},"10":{"name":"(anonymous_10)","decl":{"start":{"line":266,"column":34},"end":{"line":266,"column":35}},"loc":{"start":{"line":266,"column":45},"end":{"line":270,"column":1}},"line":266},"11":{"name":"(anonymous_11)","decl":{"start":{"line":279,"column":2},"end":{"line":279,"column":3}},"loc":{"start":{"line":279,"column":98},"end":{"line":298,"column":null}},"line":279},"12":{"name":"(anonymous_12)","decl":{"start":{"line":293,"column":30},"end":{"line":293,"column":36}},"loc":{"start":{"line":293,"column":36},"end":{"line":293,"column":67}},"line":293},"13":{"name":"(anonymous_13)","decl":{"start":{"line":302,"column":39},"end":{"line":302,"column":45}},"loc":{"start":{"line":302,"column":45},"end":{"line":306,"column":1}},"line":302},"14":{"name":"(anonymous_14)","decl":{"start":{"line":308,"column":37},"end":{"line":308,"column":43}},"loc":{"start":{"line":308,"column":43},"end":{"line":312,"column":1}},"line":308}},"branchMap":{"0":{"loc":{"start":{"line":27,"column":10},"end":{"line":27,"column":null}},"type":"binary-expr","locations":[{"start":{"line":27,"column":10},"end":{"line":27,"column":43}},{"start":{"line":27,"column":43},"end":{"line":27,"column":null}}],"line":27},"1":{"loc":{"start":{"line":37,"column":18},"end":{"line":37,"column":null}},"type":"binary-expr","locations":[{"start":{"line":37,"column":18},"end":{"line":37,"column":28}},{"start":{"line":37,"column":28},"end":{"line":37,"column":null}}],"line":37},"2":{"loc":{"start":{"line":49,"column":2},"end":{"line":51,"column":null}},"type":"if","locations":[{"start":{"line":49,"column":2},"end":{"line":51,"column":null}},{"start":{},"end":{}}],"line":49},"3":{"loc":{"start":{"line":55,"column":2},"end":{"line":59,"column":null}},"type":"if","locations":[{"start":{"line":55,"column":2},"end":{"line":59,"column":null}},{"start":{},"end":{}}],"line":55},"4":{"loc":{"start":{"line":58,"column":20},"end":{"line":58,"column":68}},"type":"binary-expr","locations":[{"start":{"line":58,"column":20},"end":{"line":58,"column":37}},{"start":{"line":58,"column":37},"end":{"line":58,"column":68}}],"line":58},"5":{"loc":{"start":{"line":62,"column":9},"end":{"line":62,"column":null}},"type":"cond-expr","locations":[{"start":{"line":62,"column":17},"end":{"line":62,"column":42}},{"start":{"line":62,"column":42},"end":{"line":62,"column":null}}],"line":62},"6":{"loc":{"start":{"line":80,"column":2},"end":{"line":83,"column":null}},"type":"if","locations":[{"start":{"line":80,"column":2},"end":{"line":83,"column":null}},{"start":{},"end":{}}],"line":80},"7":{"loc":{"start":{"line":108,"column":2},"end":{"line":111,"column":null}},"type":"if","locations":[{"start":{"line":108,"column":2},"end":{"line":111,"column":null}},{"start":{},"end":{}}],"line":108},"8":{"loc":{"start":{"line":117,"column":43},"end":{"line":117,"column":77}},"type":"cond-expr","locations":[{"start":{"line":117,"column":55},"end":{"line":117,"column":74}},{"start":{"line":117,"column":74},"end":{"line":117,"column":77}}],"line":117},"9":{"loc":{"start":{"line":128,"column":2},"end":{"line":130,"column":null}},"type":"if","locations":[{"start":{"line":128,"column":2},"end":{"line":130,"column":null}},{"start":{},"end":{}}],"line":128},"10":{"loc":{"start":{"line":135,"column":2},"end":{"line":141,"column":null}},"type":"if","locations":[{"start":{"line":135,"column":2},"end":{"line":141,"column":null}},{"start":{"line":138,"column":9},"end":{"line":141,"column":null}}],"line":135},"11":{"loc":{"start":{"line":140,"column":49},"end":{"line":140,"column":73}},"type":"binary-expr","locations":[{"start":{"line":140,"column":49},"end":{"line":140,"column":58}},{"start":{"line":140,"column":58},"end":{"line":140,"column":73}}],"line":140},"12":{"loc":{"start":{"line":156,"column":2},"end":{"line":159,"column":null}},"type":"if","locations":[{"start":{"line":156,"column":2},"end":{"line":159,"column":null}},{"start":{},"end":{}}],"line":156},"13":{"loc":{"start":{"line":156,"column":6},"end":{"line":156,"column":55}},"type":"binary-expr","locations":[{"start":{"line":156,"column":6},"end":{"line":156,"column":26}},{"start":{"line":156,"column":26},"end":{"line":156,"column":40}},{"start":{"line":156,"column":40},"end":{"line":156,"column":55}}],"line":156},"14":{"loc":{"start":{"line":169,"column":4},"end":{"line":204,"column":null}},"type":"if","locations":[{"start":{"line":169,"column":4},"end":{"line":204,"column":null}},{"start":{},"end":{}}],"line":169},"15":{"loc":{"start":{"line":181,"column":20},"end":{"line":181,"column":null}},"type":"cond-expr","locations":[{"start":{"line":181,"column":37},"end":{"line":181,"column":67}},{"start":{"line":181,"column":67},"end":{"line":181,"column":null}}],"line":181},"16":{"loc":{"start":{"line":195,"column":17},"end":{"line":195,"column":null}},"type":"cond-expr","locations":[{"start":{"line":195,"column":42},"end":{"line":195,"column":58}},{"start":{"line":195,"column":58},"end":{"line":195,"column":null}}],"line":195},"17":{"loc":{"start":{"line":201,"column":10},"end":{"line":201,"column":null}},"type":"cond-expr","locations":[{"start":{"line":201,"column":35},"end":{"line":201,"column":51}},{"start":{"line":201,"column":51},"end":{"line":201,"column":null}}],"line":201},"18":{"loc":{"start":{"line":212,"column":4},"end":{"line":247,"column":null}},"type":"if","locations":[{"start":{"line":212,"column":4},"end":{"line":247,"column":null}},{"start":{},"end":{}}],"line":212},"19":{"loc":{"start":{"line":224,"column":20},"end":{"line":224,"column":null}},"type":"cond-expr","locations":[{"start":{"line":224,"column":37},"end":{"line":224,"column":67}},{"start":{"line":224,"column":67},"end":{"line":224,"column":null}}],"line":224},"20":{"loc":{"start":{"line":238,"column":17},"end":{"line":238,"column":null}},"type":"cond-expr","locations":[{"start":{"line":238,"column":42},"end":{"line":238,"column":58}},{"start":{"line":238,"column":58},"end":{"line":238,"column":null}}],"line":238},"21":{"loc":{"start":{"line":244,"column":10},"end":{"line":244,"column":null}},"type":"cond-expr","locations":[{"start":{"line":244,"column":35},"end":{"line":244,"column":51}},{"start":{"line":244,"column":51},"end":{"line":244,"column":null}}],"line":244},"22":{"loc":{"start":{"line":267,"column":2},"end":{"line":269,"column":null}},"type":"if","locations":[{"start":{"line":267,"column":2},"end":{"line":269,"column":null}},{"start":{},"end":{}}],"line":267},"23":{"loc":{"start":{"line":282,"column":4},"end":{"line":285,"column":null}},"type":"if","locations":[{"start":{"line":282,"column":4},"end":{"line":285,"column":null}},{"start":{},"end":{}}],"line":282},"24":{"loc":{"start":{"line":282,"column":8},"end":{"line":282,"column":83}},"type":"binary-expr","locations":[{"start":{"line":282,"column":8},"end":{"line":282,"column":47}},{"start":{"line":282,"column":47},"end":{"line":282,"column":83}}],"line":282},"25":{"loc":{"start":{"line":287,"column":4},"end":{"line":290,"column":null}},"type":"if","locations":[{"start":{"line":287,"column":4},"end":{"line":290,"column":null}},{"start":{},"end":{}}],"line":287},"26":{"loc":{"start":{"line":287,"column":8},"end":{"line":287,"column":59}},"type":"binary-expr","locations":[{"start":{"line":287,"column":8},"end":{"line":287,"column":45}},{"start":{"line":287,"column":45},"end":{"line":287,"column":59}}],"line":287},"27":{"loc":{"start":{"line":292,"column":4},"end":{"line":295,"column":null}},"type":"if","locations":[{"start":{"line":292,"column":4},"end":{"line":295,"column":null}},{"start":{},"end":{}}],"line":292}},"s":{"0":28,"1":13,"2":13,"3":10,"4":10,"5":10,"6":10,"7":10,"8":7,"9":10,"10":10,"11":1,"12":0,"13":1,"14":1,"15":9,"16":9,"17":3,"18":2,"19":1,"20":3,"21":1,"22":1,"23":1,"24":1,"25":1,"26":6,"27":6,"28":20,"29":20,"30":1,"31":1,"32":19,"33":19,"34":19,"35":19,"36":19,"37":9,"38":9,"39":1,"40":8,"41":7,"42":7,"43":1,"44":1,"45":8,"46":13,"47":13,"48":13,"49":2,"50":2,"51":11,"52":11,"53":11,"54":11,"55":11,"56":4,"57":3,"58":3,"59":3,"60":2,"61":2,"62":2,"63":2,"64":2,"65":1,"66":1,"67":1,"68":11,"69":11,"70":11,"71":6,"72":6,"73":6,"74":6,"75":6,"76":6,"77":6,"78":6,"79":6,"80":0,"81":0,"82":0,"83":11,"84":11,"85":9,"86":9,"87":9,"88":9,"89":9,"90":28,"91":13,"92":12,"93":28,"94":4,"95":4,"96":2,"97":2,"98":4,"99":1,"100":1,"101":4,"102":1,"103":1,"104":1,"105":3,"106":28,"107":6,"108":6,"109":6,"110":28,"111":1,"112":1,"113":1},"f":{"0":13,"1":10,"2":0,"3":3,"4":1,"5":6,"6":20,"7":9,"8":13,"9":9,"10":13,"11":4,"12":1,"13":6,"14":1},"b":{"0":[13,1],"1":[10,0],"2":[7,3],"3":[1,9],"4":[1,0],"5":[2,7],"6":[1,2],"7":[1,19],"8":[3,16],"9":[1,8],"10":[7,1],"11":[1,0],"12":[2,11],"13":[13,12,11],"14":[3,1],"15":[2,0],"16":[1,0],"17":[1,0],"18":[6,0],"19":[6,0],"20":[0,0],"21":[0,0],"22":[12,1],"23":[2,2],"24":[4,3],"25":[1,3],"26":[4,1],"27":[1,3]},"meta":{"lastBranch":28,"lastFunction":15,"lastStatement":114,"seen":{"s:10:19:10:Infinity":0,"f:25:15:25:56":0,"s:26:17:26:Infinity":1,"s:27:2:27:Infinity":2,"b:27:10:27:43:27:43:27:Infinity":0,"f:30:15:30:Infinity":1,"s:37:18:37:Infinity":3,"b:37:18:37:28:37:28:37:Infinity":1,"s:38:14:38:Infinity":4,"s:39:2:39:Infinity":5,"s:41:31:47:Infinity":6,"b:49:2:51:Infinity:undefined:undefined:undefined:undefined":2,"s:49:2:51:Infinity":7,"s:50:4:50:Infinity":8,"s:53:19:53:Infinity":9,"b:55:2:59:Infinity:undefined:undefined:undefined:undefined":3,"s:55:2:59:Infinity":10,"s:56:19:56:Infinity":11,"f:56:47:56:54":2,"s:56:54:56:57":12,"s:57:4:57:Infinity":13,"s:58:4:58:Infinity":14,"b:58:20:58:37:58:37:58:68":4,"s:61:15:61:Infinity":15,"s:62:2:62:Infinity":16,"b:62:17:62:42:62:42:62:Infinity":5,"f:65:15:65:Infinity":3,"s:71:17:77:Infinity":17,"s:79:22:79:Infinity":18,"f:79:44:79:45":4,"s:79:51:79:74":19,"b:80:2:83:Infinity:undefined:undefined:undefined:undefined":6,"s:80:2:83:Infinity":20,"s:81:4:81:Infinity":21,"s:82:4:82:Infinity":22,"s:85:15:85:Infinity":23,"s:86:2:96:Infinity":24,"s:98:2:98:Infinity":25,"f:101:15:101:26":5,"s:102:2:102:Infinity":26,"s:103:2:103:Infinity":27,"f:106:15:106:44":6,"s:107:18:107:Infinity":28,"b:108:2:111:Infinity:undefined:undefined:undefined:undefined":7,"s:108:2:111:Infinity":29,"s:109:4:109:Infinity":30,"s:110:4:110:Infinity":31,"s:113:17:113:Infinity":32,"s:114:16:114:Infinity":33,"s:115:16:115:Infinity":34,"s:117:2:117:Infinity":35,"b:117:55:117:74:117:74:117:77":8,"s:118:2:118:Infinity":36,"f:121:15:121:Infinity":7,"s:127:18:127:Infinity":37,"b:128:2:130:Infinity:undefined:undefined:undefined:undefined":9,"s:128:2:130:Infinity":38,"s:129:4:129:Infinity":39,"b:135:2:141:Infinity:138:9:141:Infinity":10,"s:135:2:141:Infinity":40,"s:136:4:136:Infinity":41,"s:137:4:137:Infinity":42,"s:139:4:139:Infinity":43,"s:140:4:140:Infinity":44,"b:140:49:140:58:140:58:140:73":11,"s:143:2:149:Infinity":45,"f:152:15:152:49":8,"s:153:2:153:Infinity":46,"s:155:15:155:Infinity":47,"b:156:2:159:Infinity:undefined:undefined:undefined:undefined":12,"s:156:2:159:Infinity":48,"b:156:6:156:26:156:26:156:40:156:40:156:55":13,"s:157:4:157:Infinity":49,"s:158:4:158:Infinity":50,"s:161:2:161:Infinity":51,"s:162:14:162:Infinity":52,"s:165:17:165:Infinity":53,"s:166:64:166:Infinity":54,"s:168:2:205:Infinity":55,"b:169:4:204:Infinity:undefined:undefined:undefined:undefined":14,"s:169:4:204:Infinity":56,"s:170:6:170:Infinity":57,"s:171:6:203:Infinity":58,"s:172:8:172:Infinity":59,"s:173:8:173:Infinity":60,"s:174:8:182:Infinity":61,"b:181:37:181:67:181:67:181:Infinity":15,"s:183:8:183:Infinity":62,"s:184:8:184:Infinity":63,"s:185:8:185:Infinity":64,"s:187:8:187:Infinity":65,"s:188:8:196:Infinity":66,"b:195:42:195:58:195:58:195:Infinity":16,"s:197:8:202:Infinity":67,"b:201:35:201:51:201:51:201:Infinity":17,"s:208:16:208:Infinity":68,"s:209:63:209:Infinity":69,"s:211:2:248:Infinity":70,"b:212:4:247:Infinity:undefined:undefined:undefined:undefined":18,"s:212:4:247:Infinity":71,"s:213:6:213:Infinity":72,"s:214:6:246:Infinity":73,"s:215:8:215:Infinity":74,"s:216:8:216:Infinity":75,"s:217:8:225:Infinity":76,"b:224:37:224:67:224:67:224:Infinity":19,"s:226:8:226:Infinity":77,"s:227:8:227:Infinity":78,"s:228:8:228:Infinity":79,"s:230:8:230:Infinity":80,"s:231:8:239:Infinity":81,"b:238:42:238:58:238:58:238:Infinity":20,"s:240:8:245:Infinity":82,"b:244:35:244:51:244:51:244:Infinity":21,"s:250:2:250:Infinity":83,"s:251:2:251:Infinity":84,"f:254:15:254:43":9,"s:255:18:255:Infinity":85,"s:256:26:256:Infinity":86,"s:258:2:258:Infinity":87,"s:259:2:261:Infinity":88,"s:262:2:262:Infinity":89,"s:266:0:270:Infinity":90,"f:266:34:266:35":10,"b:267:2:269:Infinity:undefined:undefined:undefined:undefined":22,"s:267:2:269:Infinity":91,"s:268:4:268:Infinity":92,"s:278:0:299:Infinity":93,"f:279:2:279:3":11,"s:280:4:280:Infinity":94,"b:282:4:285:Infinity:undefined:undefined:undefined:undefined":23,"s:282:4:285:Infinity":95,"b:282:8:282:47:282:47:282:83":24,"s:283:6:283:Infinity":96,"s:284:6:284:Infinity":97,"b:287:4:290:Infinity:undefined:undefined:undefined:undefined":25,"s:287:4:290:Infinity":98,"b:287:8:287:45:287:45:287:59":26,"s:288:6:288:Infinity":99,"s:289:6:289:Infinity":100,"b:292:4:295:Infinity:undefined:undefined:undefined:undefined":27,"s:292:4:295:Infinity":101,"s:293:6:293:Infinity":102,"f:293:30:293:36":12,"s:293:36:293:67":103,"s:294:6:294:Infinity":104,"s:297:4:297:Infinity":105,"s:302:0:306:Infinity":106,"f:302:39:302:45":13,"s:303:2:303:Infinity":107,"s:304:2:304:Infinity":108,"s:305:2:305:Infinity":109,"s:308:0:312:Infinity":110,"f:308:37:308:43":14,"s:309:2:309:Infinity":111,"s:310:2:310:Infinity":112,"s:311:2:311:Infinity":113}}}
,"C:\\Users\\karls\\ergoblock\\src\\storage.ts": {"path":"C:\\Users\\karls\\ergoblock\\src\\storage.ts","statementMap":{"0":{"start":{"line":8,"column":21},"end":{"line":13,"column":null}},"1":{"start":{"line":15,"column":28},"end":{"line":15,"column":null}},"2":{"start":{"line":16,"column":28},"end":{"line":16,"column":null}},"3":{"start":{"line":36,"column":17},"end":{"line":36,"column":null}},"4":{"start":{"line":37,"column":2},"end":{"line":37,"column":null}},"5":{"start":{"line":44,"column":17},"end":{"line":44,"column":null}},"6":{"start":{"line":45,"column":2},"end":{"line":45,"column":null}},"7":{"start":{"line":59,"column":17},"end":{"line":59,"column":null}},"8":{"start":{"line":60,"column":2},"end":{"line":64,"column":null}},"9":{"start":{"line":65,"column":2},"end":{"line":65,"column":null}},"10":{"start":{"line":67,"column":2},"end":{"line":71,"column":null}},"11":{"start":{"line":79,"column":17},"end":{"line":79,"column":null}},"12":{"start":{"line":80,"column":2},"end":{"line":80,"column":null}},"13":{"start":{"line":81,"column":2},"end":{"line":81,"column":null}},"14":{"start":{"line":95,"column":16},"end":{"line":95,"column":null}},"15":{"start":{"line":96,"column":2},"end":{"line":100,"column":null}},"16":{"start":{"line":101,"column":2},"end":{"line":101,"column":null}},"17":{"start":{"line":103,"column":2},"end":{"line":107,"column":null}},"18":{"start":{"line":115,"column":16},"end":{"line":115,"column":null}},"19":{"start":{"line":116,"column":2},"end":{"line":116,"column":null}},"20":{"start":{"line":117,"column":2},"end":{"line":117,"column":null}},"21":{"start":{"line":128,"column":17},"end":{"line":128,"column":null}},"22":{"start":{"line":129,"column":2},"end":{"line":129,"column":null}},"23":{"start":{"line":136,"column":2},"end":{"line":136,"column":null}},"24":{"start":{"line":148,"column":17},"end":{"line":148,"column":null}},"25":{"start":{"line":149,"column":18},"end":{"line":149,"column":null}},"26":{"start":{"line":150,"column":2},"end":{"line":150,"column":null}},"27":{"start":{"line":159,"column":22},"end":{"line":162,"column":null}},"28":{"start":{"line":164,"column":18},"end":{"line":164,"column":null}},"29":{"start":{"line":165,"column":2},"end":{"line":165,"column":null}},"30":{"start":{"line":168,"column":18},"end":{"line":168,"column":null}},"31":{"start":{"line":170,"column":2},"end":{"line":170,"column":null}},"32":{"start":{"line":181,"column":17},"end":{"line":181,"column":null}},"33":{"start":{"line":182,"column":14},"end":{"line":182,"column":null}},"34":{"start":{"line":183,"column":33},"end":{"line":183,"column":null}},"35":{"start":{"line":185,"column":2},"end":{"line":189,"column":null}},"36":{"start":{"line":186,"column":4},"end":{"line":188,"column":null}},"37":{"start":{"line":187,"column":6},"end":{"line":187,"column":null}},"38":{"start":{"line":191,"column":2},"end":{"line":191,"column":null}},"39":{"start":{"line":198,"column":16},"end":{"line":198,"column":null}},"40":{"start":{"line":199,"column":14},"end":{"line":199,"column":null}},"41":{"start":{"line":200,"column":33},"end":{"line":200,"column":null}},"42":{"start":{"line":202,"column":2},"end":{"line":206,"column":null}},"43":{"start":{"line":203,"column":4},"end":{"line":205,"column":null}},"44":{"start":{"line":204,"column":6},"end":{"line":204,"column":null}},"45":{"start":{"line":208,"column":2},"end":{"line":208,"column":null}}},"fnMap":{"0":{"name":"getTempBlocks","decl":{"start":{"line":35,"column":22},"end":{"line":35,"column":62}},"loc":{"start":{"line":35,"column":62},"end":{"line":38,"column":null}},"line":35},"1":{"name":"getTempMutes","decl":{"start":{"line":43,"column":22},"end":{"line":43,"column":61}},"loc":{"start":{"line":43,"column":61},"end":{"line":46,"column":null}},"line":43},"2":{"name":"addTempBlock","decl":{"start":{"line":54,"column":22},"end":{"line":54,"column":null}},"loc":{"start":{"line":58,"column":17},"end":{"line":72,"column":null}},"line":58},"3":{"name":"removeTempBlock","decl":{"start":{"line":78,"column":22},"end":{"line":78,"column":38}},"loc":{"start":{"line":78,"column":66},"end":{"line":82,"column":null}},"line":78},"4":{"name":"addTempMute","decl":{"start":{"line":90,"column":22},"end":{"line":90,"column":null}},"loc":{"start":{"line":94,"column":17},"end":{"line":108,"column":null}},"line":94},"5":{"name":"removeTempMute","decl":{"start":{"line":114,"column":22},"end":{"line":114,"column":37}},"loc":{"start":{"line":114,"column":65},"end":{"line":118,"column":null}},"line":114},"6":{"name":"getOptions","decl":{"start":{"line":127,"column":22},"end":{"line":127,"column":62}},"loc":{"start":{"line":127,"column":62},"end":{"line":130,"column":null}},"line":127},"7":{"name":"setOptions","decl":{"start":{"line":135,"column":22},"end":{"line":135,"column":33}},"loc":{"start":{"line":135,"column":75},"end":{"line":137,"column":null}},"line":135},"8":{"name":"getActionHistory","decl":{"start":{"line":147,"column":22},"end":{"line":147,"column":66}},"loc":{"start":{"line":147,"column":66},"end":{"line":151,"column":null}},"line":147},"9":{"name":"addHistoryEntry","decl":{"start":{"line":157,"column":22},"end":{"line":157,"column":38}},"loc":{"start":{"line":157,"column":74},"end":{"line":171,"column":null}},"line":157},"10":{"name":"removeAllExpiredBlocks","decl":{"start":{"line":180,"column":22},"end":{"line":180,"column":62}},"loc":{"start":{"line":180,"column":62},"end":{"line":192,"column":null}},"line":180},"11":{"name":"removeAllExpiredMutes","decl":{"start":{"line":197,"column":22},"end":{"line":197,"column":61}},"loc":{"start":{"line":197,"column":61},"end":{"line":209,"column":null}},"line":197}},"branchMap":{"0":{"loc":{"start":{"line":37,"column":9},"end":{"line":37,"column":null}},"type":"binary-expr","locations":[{"start":{"line":37,"column":9},"end":{"line":37,"column":45}},{"start":{"line":37,"column":45},"end":{"line":37,"column":null}}],"line":37},"1":{"loc":{"start":{"line":45,"column":9},"end":{"line":45,"column":null}},"type":"binary-expr","locations":[{"start":{"line":45,"column":9},"end":{"line":45,"column":44}},{"start":{"line":45,"column":44},"end":{"line":45,"column":null}}],"line":45},"2":{"loc":{"start":{"line":57,"column":2},"end":{"line":57,"column":null}},"type":"default-arg","locations":[{"start":{"line":57,"column":23},"end":{"line":57,"column":null}}],"line":57},"3":{"loc":{"start":{"line":93,"column":2},"end":{"line":93,"column":null}},"type":"default-arg","locations":[{"start":{"line":93,"column":23},"end":{"line":93,"column":null}}],"line":93},"4":{"loc":{"start":{"line":129,"column":9},"end":{"line":129,"column":null}},"type":"binary-expr","locations":[{"start":{"line":129,"column":9},"end":{"line":129,"column":41}},{"start":{"line":129,"column":41},"end":{"line":129,"column":null}}],"line":129},"5":{"loc":{"start":{"line":149,"column":18},"end":{"line":149,"column":null}},"type":"binary-expr","locations":[{"start":{"line":149,"column":18},"end":{"line":149,"column":57}},{"start":{"line":149,"column":57},"end":{"line":149,"column":null}}],"line":149},"6":{"loc":{"start":{"line":161,"column":8},"end":{"line":161,"column":null}},"type":"binary-expr","locations":[{"start":{"line":161,"column":8},"end":{"line":161,"column":20}},{"start":{"line":161,"column":20},"end":{"line":161,"column":null}}],"line":161},"7":{"loc":{"start":{"line":186,"column":4},"end":{"line":188,"column":null}},"type":"if","locations":[{"start":{"line":186,"column":4},"end":{"line":188,"column":null}},{"start":{},"end":{}}],"line":186},"8":{"loc":{"start":{"line":203,"column":4},"end":{"line":205,"column":null}},"type":"if","locations":[{"start":{"line":203,"column":4},"end":{"line":205,"column":null}},{"start":{},"end":{}}],"line":203}},"s":{"0":44,"1":44,"2":44,"3":67,"4":67,"5":57,"6":57,"7":13,"8":13,"9":13,"10":13,"11":6,"12":6,"13":6,"14":8,"15":8,"16":8,"17":8,"18":8,"19":8,"20":8,"21":43,"22":43,"23":2,"24":36,"25":36,"26":36,"27":29,"28":29,"29":29,"30":29,"31":29,"32":5,"33":5,"34":5,"35":5,"36":9,"37":4,"38":5,"39":4,"40":4,"41":4,"42":4,"43":5,"44":3,"45":4},"f":{"0":67,"1":57,"2":13,"3":6,"4":8,"5":8,"6":43,"7":2,"8":36,"9":29,"10":5,"11":4},"b":{"0":[67,16],"1":[57,14],"2":[13],"3":[8],"4":[43,3],"5":[36,20],"6":[29,28],"7":[4,5],"8":[3,2]},"meta":{"lastBranch":9,"lastFunction":12,"lastStatement":46,"seen":{"s:8:21:13:Infinity":0,"s:15:28:15:Infinity":1,"s:16:28:16:Infinity":2,"f:35:22:35:62":0,"s:36:17:36:Infinity":3,"s:37:2:37:Infinity":4,"b:37:9:37:45:37:45:37:Infinity":0,"f:43:22:43:61":1,"s:44:17:44:Infinity":5,"s:45:2:45:Infinity":6,"b:45:9:45:44:45:44:45:Infinity":1,"f:54:22:54:Infinity":2,"b:57:23:57:Infinity":2,"s:59:17:59:Infinity":7,"s:60:2:64:Infinity":8,"s:65:2:65:Infinity":9,"s:67:2:71:Infinity":10,"f:78:22:78:38":3,"s:79:17:79:Infinity":11,"s:80:2:80:Infinity":12,"s:81:2:81:Infinity":13,"f:90:22:90:Infinity":4,"b:93:23:93:Infinity":3,"s:95:16:95:Infinity":14,"s:96:2:100:Infinity":15,"s:101:2:101:Infinity":16,"s:103:2:107:Infinity":17,"f:114:22:114:37":5,"s:115:16:115:Infinity":18,"s:116:2:116:Infinity":19,"s:117:2:117:Infinity":20,"f:127:22:127:62":6,"s:128:17:128:Infinity":21,"s:129:2:129:Infinity":22,"b:129:9:129:41:129:41:129:Infinity":4,"f:135:22:135:33":7,"s:136:2:136:Infinity":23,"f:147:22:147:66":8,"s:148:17:148:Infinity":24,"s:149:18:149:Infinity":25,"b:149:18:149:57:149:57:149:Infinity":5,"s:150:2:150:Infinity":26,"f:157:22:157:38":9,"s:159:22:162:Infinity":27,"b:161:8:161:20:161:20:161:Infinity":6,"s:164:18:164:Infinity":28,"s:165:2:165:Infinity":29,"s:168:18:168:Infinity":30,"s:170:2:170:Infinity":31,"f:180:22:180:62":10,"s:181:17:181:Infinity":32,"s:182:14:182:Infinity":33,"s:183:33:183:Infinity":34,"s:185:2:189:Infinity":35,"b:186:4:188:Infinity:undefined:undefined:undefined:undefined":7,"s:186:4:188:Infinity":36,"s:187:6:187:Infinity":37,"s:191:2:191:Infinity":38,"f:197:22:197:61":11,"s:198:16:198:Infinity":39,"s:199:14:199:Infinity":40,"s:200:33:200:Infinity":41,"s:202:2:206:Infinity":42,"b:203:4:205:Infinity:undefined:undefined:undefined:undefined":8,"s:203:4:205:Infinity":43,"s:204:6:204:Infinity":44,"s:208:2:208:Infinity":45}}}
,"C:\\Users\\karls\\ergoblock\\src\\types.ts": {"path":"C:\\Users\\karls\\ergoblock\\src\\types.ts","statementMap":{"0":{"start":{"line":15,"column":49},"end":{"line":23,"column":null}}},"fnMap":{},"branchMap":{},"s":{"0":47},"f":{},"b":{},"meta":{"lastBranch":0,"lastFunction":0,"lastStatement":1,"seen":{"s:15:49:23:Infinity":0}}}
}
