{"/home/mike10010100/git/ergoblock/src/api.ts": {"path":"/home/mike10010100/git/ergoblock/src/api.ts","statementMap":{"0":{"start":{"line":7,"column":24},"end":{"line":7,"column":null}},"1":{"start":{"line":9,"column":25},"end":{"line":9,"column":null}},"2":{"start":{"line":12,"column":24},"end":{"line":17,"column":null}},"3":{"start":{"line":13,"column":2},"end":{"line":15,"column":null}},"4":{"start":{"line":14,"column":4},"end":{"line":14,"column":null}},"5":{"start":{"line":16,"column":2},"end":{"line":16,"column":null}},"6":{"start":{"line":24,"column":2},"end":{"line":93,"column":null}},"7":{"start":{"line":25,"column":30},"end":{"line":25,"column":null}},"8":{"start":{"line":26,"column":4},"end":{"line":26,"column":null}},"9":{"start":{"line":26,"column":28},"end":{"line":26,"column":null}},"10":{"start":{"line":29,"column":25},"end":{"line":31,"column":null}},"11":{"start":{"line":30,"column":13},"end":{"line":30,"column":null}},"12":{"start":{"line":33,"column":4},"end":{"line":33,"column":null}},"13":{"start":{"line":35,"column":4},"end":{"line":86,"column":null}},"14":{"start":{"line":36,"column":6},"end":{"line":85,"column":null}},"15":{"start":{"line":37,"column":20},"end":{"line":37,"column":null}},"16":{"start":{"line":38,"column":8},"end":{"line":38,"column":null}},"17":{"start":{"line":38,"column":18},"end":{"line":38,"column":null}},"18":{"start":{"line":40,"column":23},"end":{"line":40,"column":null}},"19":{"start":{"line":41,"column":8},"end":{"line":41,"column":null}},"20":{"start":{"line":44,"column":42},"end":{"line":44,"column":null}},"21":{"start":{"line":47,"column":8},"end":{"line":50,"column":null}},"22":{"start":{"line":48,"column":29},"end":{"line":48,"column":null}},"23":{"start":{"line":49,"column":10},"end":{"line":49,"column":null}},"24":{"start":{"line":49,"column":57},"end":{"line":49,"column":77}},"25":{"start":{"line":53,"column":8},"end":{"line":56,"column":null}},"26":{"start":{"line":54,"column":29},"end":{"line":54,"column":null}},"27":{"start":{"line":55,"column":10},"end":{"line":55,"column":null}},"28":{"start":{"line":55,"column":49},"end":{"line":55,"column":69}},"29":{"start":{"line":59,"column":8},"end":{"line":61,"column":null}},"30":{"start":{"line":60,"column":10},"end":{"line":60,"column":null}},"31":{"start":{"line":63,"column":8},"end":{"line":82,"column":null}},"32":{"start":{"line":64,"column":10},"end":{"line":64,"column":null}},"33":{"start":{"line":66,"column":23},"end":{"line":66,"column":null}},"34":{"start":{"line":68,"column":10},"end":{"line":68,"column":null}},"35":{"start":{"line":70,"column":10},"end":{"line":72,"column":null}},"36":{"start":{"line":71,"column":12},"end":{"line":71,"column":null}},"37":{"start":{"line":73,"column":10},"end":{"line":73,"column":null}},"38":{"start":{"line":75,"column":10},"end":{"line":81,"column":null}},"39":{"start":{"line":88,"column":4},"end":{"line":88,"column":null}},"40":{"start":{"line":89,"column":4},"end":{"line":89,"column":null}},"41":{"start":{"line":91,"column":4},"end":{"line":91,"column":null}},"42":{"start":{"line":92,"column":4},"end":{"line":92,"column":null}},"43":{"start":{"line":109,"column":18},"end":{"line":109,"column":null}},"44":{"start":{"line":110,"column":2},"end":{"line":112,"column":null}},"45":{"start":{"line":111,"column":4},"end":{"line":111,"column":null}},"46":{"start":{"line":117,"column":13},"end":{"line":117,"column":null}},"47":{"start":{"line":118,"column":2},"end":{"line":124,"column":null}},"48":{"start":{"line":119,"column":4},"end":{"line":123,"column":null}},"49":{"start":{"line":120,"column":6},"end":{"line":120,"column":null}},"50":{"start":{"line":122,"column":6},"end":{"line":122,"column":null}},"51":{"start":{"line":126,"column":2},"end":{"line":128,"column":null}},"52":{"start":{"line":127,"column":4},"end":{"line":127,"column":null}},"53":{"start":{"line":131,"column":2},"end":{"line":131,"column":null}},"54":{"start":{"line":133,"column":14},"end":{"line":133,"column":null}},"55":{"start":{"line":134,"column":2},"end":{"line":134,"column":null}},"56":{"start":{"line":136,"column":31},"end":{"line":142,"column":null}},"57":{"start":{"line":144,"column":2},"end":{"line":146,"column":null}},"58":{"start":{"line":145,"column":4},"end":{"line":145,"column":null}},"59":{"start":{"line":148,"column":19},"end":{"line":148,"column":null}},"60":{"start":{"line":150,"column":2},"end":{"line":154,"column":null}},"61":{"start":{"line":151,"column":19},"end":{"line":151,"column":null}},"62":{"start":{"line":151,"column":54},"end":{"line":151,"column":57}},"63":{"start":{"line":152,"column":4},"end":{"line":152,"column":null}},"64":{"start":{"line":153,"column":4},"end":{"line":153,"column":null}},"65":{"start":{"line":157,"column":15},"end":{"line":157,"column":null}},"66":{"start":{"line":158,"column":2},"end":{"line":158,"column":null}},"67":{"start":{"line":166,"column":18},"end":{"line":166,"column":null}},"68":{"start":{"line":167,"column":2},"end":{"line":167,"column":null}},"69":{"start":{"line":167,"column":16},"end":{"line":167,"column":null}},"70":{"start":{"line":169,"column":17},"end":{"line":173,"column":null}},"71":{"start":{"line":175,"column":2},"end":{"line":179,"column":null}},"72":{"start":{"line":187,"column":18},"end":{"line":187,"column":null}},"73":{"start":{"line":188,"column":2},"end":{"line":188,"column":null}},"74":{"start":{"line":188,"column":16},"end":{"line":188,"column":null}},"75":{"start":{"line":191,"column":17},"end":{"line":193,"column":null}},"76":{"start":{"line":195,"column":22},"end":{"line":195,"column":null}},"77":{"start":{"line":195,"column":51},"end":{"line":195,"column":74}},"78":{"start":{"line":196,"column":2},"end":{"line":199,"column":null}},"79":{"start":{"line":197,"column":4},"end":{"line":197,"column":null}},"80":{"start":{"line":198,"column":4},"end":{"line":198,"column":null}},"81":{"start":{"line":202,"column":15},"end":{"line":202,"column":null}},"82":{"start":{"line":203,"column":2},"end":{"line":207,"column":null}},"83":{"start":{"line":215,"column":18},"end":{"line":215,"column":null}},"84":{"start":{"line":216,"column":2},"end":{"line":216,"column":null}},"85":{"start":{"line":216,"column":16},"end":{"line":216,"column":null}},"86":{"start":{"line":218,"column":2},"end":{"line":225,"column":null}},"87":{"start":{"line":233,"column":18},"end":{"line":233,"column":null}},"88":{"start":{"line":234,"column":2},"end":{"line":234,"column":null}},"89":{"start":{"line":234,"column":16},"end":{"line":234,"column":null}},"90":{"start":{"line":236,"column":2},"end":{"line":243,"column":null}},"91":{"start":{"line":251,"column":2},"end":{"line":251,"column":null}}},"fnMap":{"0":{"name":"(anonymous_0)","decl":{"start":{"line":12,"column":24},"end":{"line":12,"column":30}},"loc":{"start":{"line":12,"column":30},"end":{"line":17,"column":null}},"line":12},"1":{"name":"getSession","decl":{"start":{"line":23,"column":16},"end":{"line":23,"column":49}},"loc":{"start":{"line":23,"column":49},"end":{"line":94,"column":null}},"line":23},"2":{"name":"(anonymous_2)","decl":{"start":{"line":30,"column":6},"end":{"line":30,"column":7}},"loc":{"start":{"line":30,"column":13},"end":{"line":30,"column":null}},"line":30},"3":{"name":"(anonymous_3)","decl":{"start":{"line":49,"column":50},"end":{"line":49,"column":51}},"loc":{"start":{"line":49,"column":57},"end":{"line":49,"column":77}},"line":49},"4":{"name":"(anonymous_4)","decl":{"start":{"line":55,"column":42},"end":{"line":55,"column":43}},"loc":{"start":{"line":55,"column":49},"end":{"line":55,"column":69}},"line":55},"5":{"name":"apiRequest","decl":{"start":{"line":103,"column":15},"end":{"line":103,"column":null}},"loc":{"start":{"line":108,"column":21},"end":{"line":159,"column":null}},"line":108},"6":{"name":"(anonymous_6)","decl":{"start":{"line":151,"column":47},"end":{"line":151,"column":54}},"loc":{"start":{"line":151,"column":54},"end":{"line":151,"column":57}},"line":151},"7":{"name":"blockUser","decl":{"start":{"line":165,"column":22},"end":{"line":165,"column":32}},"loc":{"start":{"line":165,"column":63},"end":{"line":180,"column":null}},"line":165},"8":{"name":"unblockUser","decl":{"start":{"line":186,"column":22},"end":{"line":186,"column":34}},"loc":{"start":{"line":186,"column":65},"end":{"line":208,"column":null}},"line":186},"9":{"name":"(anonymous_9)","decl":{"start":{"line":195,"column":44},"end":{"line":195,"column":45}},"loc":{"start":{"line":195,"column":51},"end":{"line":195,"column":74}},"line":195},"10":{"name":"muteUser","decl":{"start":{"line":214,"column":22},"end":{"line":214,"column":31}},"loc":{"start":{"line":214,"column":62},"end":{"line":226,"column":null}},"line":214},"11":{"name":"unmuteUser","decl":{"start":{"line":232,"column":22},"end":{"line":232,"column":33}},"loc":{"start":{"line":232,"column":64},"end":{"line":244,"column":null}},"line":232},"12":{"name":"getProfile","decl":{"start":{"line":250,"column":22},"end":{"line":250,"column":33}},"loc":{"start":{"line":250,"column":73},"end":{"line":252,"column":null}},"line":250}},"branchMap":{"0":{"loc":{"start":{"line":13,"column":2},"end":{"line":15,"column":null}},"type":"if","locations":[{"start":{"line":13,"column":2},"end":{"line":15,"column":null}},{"start":{},"end":{}}],"line":13},"1":{"loc":{"start":{"line":13,"column":6},"end":{"line":13,"column":60}},"type":"binary-expr","locations":[{"start":{"line":13,"column":6},"end":{"line":13,"column":39}},{"start":{"line":13,"column":39},"end":{"line":13,"column":60}}],"line":13},"2":{"loc":{"start":{"line":26,"column":4},"end":{"line":26,"column":null}},"type":"if","locations":[{"start":{"line":26,"column":4},"end":{"line":26,"column":null}},{"start":{},"end":{}}],"line":26},"3":{"loc":{"start":{"line":30,"column":13},"end":{"line":30,"column":null}},"type":"binary-expr","locations":[{"start":{"line":30,"column":13},"end":{"line":30,"column":35}},{"start":{"line":30,"column":35},"end":{"line":30,"column":57}},{"start":{"line":30,"column":57},"end":{"line":30,"column":null}}],"line":30},"4":{"loc":{"start":{"line":38,"column":8},"end":{"line":38,"column":null}},"type":"if","locations":[{"start":{"line":38,"column":8},"end":{"line":38,"column":null}},{"start":{},"end":{}}],"line":38},"5":{"loc":{"start":{"line":47,"column":8},"end":{"line":50,"column":null}},"type":"if","locations":[{"start":{"line":47,"column":8},"end":{"line":50,"column":null}},{"start":{},"end":{}}],"line":47},"6":{"loc":{"start":{"line":49,"column":20},"end":{"line":49,"column":null}},"type":"binary-expr","locations":[{"start":{"line":49,"column":20},"end":{"line":49,"column":82}},{"start":{"line":49,"column":82},"end":{"line":49,"column":null}}],"line":49},"7":{"loc":{"start":{"line":53,"column":8},"end":{"line":56,"column":null}},"type":"if","locations":[{"start":{"line":53,"column":8},"end":{"line":56,"column":null}},{"start":{},"end":{}}],"line":53},"8":{"loc":{"start":{"line":53,"column":12},"end":{"line":53,"column":48}},"type":"binary-expr","locations":[{"start":{"line":53,"column":12},"end":{"line":53,"column":24}},{"start":{"line":53,"column":24},"end":{"line":53,"column":48}}],"line":53},"9":{"loc":{"start":{"line":55,"column":20},"end":{"line":55,"column":null}},"type":"binary-expr","locations":[{"start":{"line":55,"column":20},"end":{"line":55,"column":74}},{"start":{"line":55,"column":74},"end":{"line":55,"column":null}}],"line":55},"10":{"loc":{"start":{"line":59,"column":8},"end":{"line":61,"column":null}},"type":"if","locations":[{"start":{"line":59,"column":8},"end":{"line":61,"column":null}},{"start":{},"end":{}}],"line":59},"11":{"loc":{"start":{"line":59,"column":12},"end":{"line":59,"column":58}},"type":"binary-expr","locations":[{"start":{"line":59,"column":12},"end":{"line":59,"column":24}},{"start":{"line":59,"column":24},"end":{"line":59,"column":45}},{"start":{"line":59,"column":45},"end":{"line":59,"column":58}}],"line":59},"12":{"loc":{"start":{"line":63,"column":8},"end":{"line":82,"column":null}},"type":"if","locations":[{"start":{"line":63,"column":8},"end":{"line":82,"column":null}},{"start":{},"end":{}}],"line":63},"13":{"loc":{"start":{"line":63,"column":12},"end":{"line":63,"column":57}},"type":"binary-expr","locations":[{"start":{"line":63,"column":12},"end":{"line":63,"column":23}},{"start":{"line":63,"column":23},"end":{"line":63,"column":44}},{"start":{"line":63,"column":44},"end":{"line":63,"column":57}}],"line":63},"14":{"loc":{"start":{"line":64,"column":56},"end":{"line":64,"column":85}},"type":"binary-expr","locations":[{"start":{"line":64,"column":56},"end":{"line":64,"column":74}},{"start":{"line":64,"column":74},"end":{"line":64,"column":85}}],"line":64},"15":{"loc":{"start":{"line":66,"column":23},"end":{"line":66,"column":null}},"type":"binary-expr","locations":[{"start":{"line":66,"column":23},"end":{"line":66,"column":41}},{"start":{"line":66,"column":41},"end":{"line":66,"column":60}},{"start":{"line":66,"column":60},"end":{"line":66,"column":null}}],"line":66},"16":{"loc":{"start":{"line":70,"column":10},"end":{"line":72,"column":null}},"type":"if","locations":[{"start":{"line":70,"column":10},"end":{"line":72,"column":null}},{"start":{},"end":{}}],"line":70},"17":{"loc":{"start":{"line":70,"column":14},"end":{"line":70,"column":79}},"type":"binary-expr","locations":[{"start":{"line":70,"column":14},"end":{"line":70,"column":47}},{"start":{"line":70,"column":47},"end":{"line":70,"column":79}}],"line":70},"18":{"loc":{"start":{"line":79,"column":20},"end":{"line":79,"column":null}},"type":"binary-expr","locations":[{"start":{"line":79,"column":20},"end":{"line":79,"column":38}},{"start":{"line":79,"column":38},"end":{"line":79,"column":null}}],"line":79},"19":{"loc":{"start":{"line":105,"column":2},"end":{"line":105,"column":null}},"type":"default-arg","locations":[{"start":{"line":105,"column":11},"end":{"line":105,"column":null}}],"line":105},"20":{"loc":{"start":{"line":106,"column":2},"end":{"line":106,"column":null}},"type":"default-arg","locations":[{"start":{"line":106,"column":18},"end":{"line":106,"column":null}}],"line":106},"21":{"loc":{"start":{"line":107,"column":2},"end":{"line":107,"column":null}},"type":"default-arg","locations":[{"start":{"line":107,"column":27},"end":{"line":107,"column":null}}],"line":107},"22":{"loc":{"start":{"line":110,"column":2},"end":{"line":112,"column":null}},"type":"if","locations":[{"start":{"line":110,"column":2},"end":{"line":112,"column":null}},{"start":{},"end":{}}],"line":110},"23":{"loc":{"start":{"line":118,"column":2},"end":{"line":124,"column":null}},"type":"if","locations":[{"start":{"line":118,"column":2},"end":{"line":124,"column":null}},{"start":{},"end":{}}],"line":118},"24":{"loc":{"start":{"line":119,"column":4},"end":{"line":123,"column":null}},"type":"if","locations":[{"start":{"line":119,"column":4},"end":{"line":123,"column":null}},{"start":{"line":121,"column":11},"end":{"line":123,"column":null}}],"line":119},"25":{"loc":{"start":{"line":126,"column":2},"end":{"line":128,"column":null}},"type":"if","locations":[{"start":{"line":126,"column":2},"end":{"line":128,"column":null}},{"start":{},"end":{}}],"line":126},"26":{"loc":{"start":{"line":144,"column":2},"end":{"line":146,"column":null}},"type":"if","locations":[{"start":{"line":144,"column":2},"end":{"line":146,"column":null}},{"start":{},"end":{}}],"line":144},"27":{"loc":{"start":{"line":150,"column":2},"end":{"line":154,"column":null}},"type":"if","locations":[{"start":{"line":150,"column":2},"end":{"line":154,"column":null}},{"start":{},"end":{}}],"line":150},"28":{"loc":{"start":{"line":153,"column":20},"end":{"line":153,"column":68}},"type":"binary-expr","locations":[{"start":{"line":153,"column":20},"end":{"line":153,"column":37}},{"start":{"line":153,"column":37},"end":{"line":153,"column":68}}],"line":153},"29":{"loc":{"start":{"line":158,"column":9},"end":{"line":158,"column":null}},"type":"cond-expr","locations":[{"start":{"line":158,"column":17},"end":{"line":158,"column":42}},{"start":{"line":158,"column":42},"end":{"line":158,"column":null}}],"line":158},"30":{"loc":{"start":{"line":167,"column":2},"end":{"line":167,"column":null}},"type":"if","locations":[{"start":{"line":167,"column":2},"end":{"line":167,"column":null}},{"start":{},"end":{}}],"line":167},"31":{"loc":{"start":{"line":188,"column":2},"end":{"line":188,"column":null}},"type":"if","locations":[{"start":{"line":188,"column":2},"end":{"line":188,"column":null}},{"start":{},"end":{}}],"line":188},"32":{"loc":{"start":{"line":196,"column":2},"end":{"line":199,"column":null}},"type":"if","locations":[{"start":{"line":196,"column":2},"end":{"line":199,"column":null}},{"start":{},"end":{}}],"line":196},"33":{"loc":{"start":{"line":216,"column":2},"end":{"line":216,"column":null}},"type":"if","locations":[{"start":{"line":216,"column":2},"end":{"line":216,"column":null}},{"start":{},"end":{}}],"line":216},"34":{"loc":{"start":{"line":234,"column":2},"end":{"line":234,"column":null}},"type":"if","locations":[{"start":{"line":234,"column":2},"end":{"line":234,"column":null}},{"start":{},"end":{}}],"line":234}},"s":{"0":1,"1":1,"2":1,"3":16,"4":16,"5":0,"6":16,"7":16,"8":16,"9":0,"10":16,"11":14,"12":16,"13":16,"14":14,"15":14,"16":14,"17":0,"18":14,"19":14,"20":14,"21":14,"22":1,"23":1,"24":1,"25":14,"26":1,"27":1,"28":1,"29":14,"30":12,"31":14,"32":14,"33":14,"34":14,"35":14,"36":1,"37":14,"38":14,"39":2,"40":2,"41":0,"42":0,"43":7,"44":7,"45":1,"46":6,"47":6,"48":4,"49":3,"50":1,"51":6,"52":0,"53":6,"54":6,"55":6,"56":6,"57":6,"58":4,"59":6,"60":6,"61":0,"62":0,"63":0,"64":0,"65":6,"66":6,"67":1,"68":1,"69":0,"70":1,"71":1,"72":1,"73":1,"74":0,"75":1,"76":1,"77":1,"78":1,"79":0,"80":0,"81":1,"82":1,"83":1,"84":1,"85":0,"86":1,"87":1,"88":1,"89":0,"90":1,"91":2},"f":{"0":16,"1":16,"2":14,"3":1,"4":1,"5":7,"6":0,"7":1,"8":1,"9":1,"10":1,"11":1,"12":2},"b":{"0":[16,0],"1":[16,16],"2":[0,16],"3":[14,0,0],"4":[0,14],"5":[1,13],"6":[1,0],"7":[1,13],"8":[14,13],"9":[1,0],"10":[12,2],"11":[14,12,12],"12":[14,0],"13":[14,14,14],"14":[14,11],"15":[14,4,3],"16":[1,13],"17":[14,14],"18":[14,11],"19":[7],"20":[7],"21":[7],"22":[1,6],"23":[4,2],"24":[3,1],"25":[0,6],"26":[4,2],"27":[0,6],"28":[0,0],"29":[3,3],"30":[0,1],"31":[0,1],"32":[0,1],"33":[0,1],"34":[0,1]},"meta":{"lastBranch":35,"lastFunction":13,"lastStatement":92,"seen":{"s:7:24:7:Infinity":0,"s:9:25:9:Infinity":1,"s:12:24:17:Infinity":2,"f:12:24:12:30":0,"b:13:2:15:Infinity:undefined:undefined:undefined:undefined":0,"s:13:2:15:Infinity":3,"b:13:6:13:39:13:39:13:60":1,"s:14:4:14:Infinity":4,"s:16:2:16:Infinity":5,"f:23:16:23:49":1,"s:24:2:93:Infinity":6,"s:25:30:25:Infinity":7,"b:26:4:26:Infinity:undefined:undefined:undefined:undefined":2,"s:26:4:26:Infinity":8,"s:26:28:26:Infinity":9,"s:29:25:31:Infinity":10,"f:30:6:30:7":2,"s:30:13:30:Infinity":11,"b:30:13:30:35:30:35:30:57:30:57:30:Infinity":3,"s:33:4:33:Infinity":12,"s:35:4:86:Infinity":13,"s:36:6:85:Infinity":14,"s:37:20:37:Infinity":15,"b:38:8:38:Infinity:undefined:undefined:undefined:undefined":4,"s:38:8:38:Infinity":16,"s:38:18:38:Infinity":17,"s:40:23:40:Infinity":18,"s:41:8:41:Infinity":19,"s:44:42:44:Infinity":20,"b:47:8:50:Infinity:undefined:undefined:undefined:undefined":5,"s:47:8:50:Infinity":21,"s:48:29:48:Infinity":22,"s:49:10:49:Infinity":23,"b:49:20:49:82:49:82:49:Infinity":6,"f:49:50:49:51":3,"s:49:57:49:77":24,"b:53:8:56:Infinity:undefined:undefined:undefined:undefined":7,"s:53:8:56:Infinity":25,"b:53:12:53:24:53:24:53:48":8,"s:54:29:54:Infinity":26,"s:55:10:55:Infinity":27,"b:55:20:55:74:55:74:55:Infinity":9,"f:55:42:55:43":4,"s:55:49:55:69":28,"b:59:8:61:Infinity:undefined:undefined:undefined:undefined":10,"s:59:8:61:Infinity":29,"b:59:12:59:24:59:24:59:45:59:45:59:58":11,"s:60:10:60:Infinity":30,"b:63:8:82:Infinity:undefined:undefined:undefined:undefined":12,"s:63:8:82:Infinity":31,"b:63:12:63:23:63:23:63:44:63:44:63:57":13,"s:64:10:64:Infinity":32,"b:64:56:64:74:64:74:64:85":14,"s:66:23:66:Infinity":33,"b:66:23:66:41:66:41:66:60:66:60:66:Infinity":15,"s:68:10:68:Infinity":34,"b:70:10:72:Infinity:undefined:undefined:undefined:undefined":16,"s:70:10:72:Infinity":35,"b:70:14:70:47:70:47:70:79":17,"s:71:12:71:Infinity":36,"s:73:10:73:Infinity":37,"s:75:10:81:Infinity":38,"b:79:20:79:38:79:38:79:Infinity":18,"s:88:4:88:Infinity":39,"s:89:4:89:Infinity":40,"s:91:4:91:Infinity":41,"s:92:4:92:Infinity":42,"f:103:15:103:Infinity":5,"b:105:11:105:Infinity":19,"b:106:18:106:Infinity":20,"b:107:27:107:Infinity":21,"s:109:18:109:Infinity":43,"b:110:2:112:Infinity:undefined:undefined:undefined:undefined":22,"s:110:2:112:Infinity":44,"s:111:4:111:Infinity":45,"s:117:13:117:Infinity":46,"b:118:2:124:Infinity:undefined:undefined:undefined:undefined":23,"s:118:2:124:Infinity":47,"b:119:4:123:Infinity:121:11:123:Infinity":24,"s:119:4:123:Infinity":48,"s:120:6:120:Infinity":49,"s:122:6:122:Infinity":50,"b:126:2:128:Infinity:undefined:undefined:undefined:undefined":25,"s:126:2:128:Infinity":51,"s:127:4:127:Infinity":52,"s:131:2:131:Infinity":53,"s:133:14:133:Infinity":54,"s:134:2:134:Infinity":55,"s:136:31:142:Infinity":56,"b:144:2:146:Infinity:undefined:undefined:undefined:undefined":26,"s:144:2:146:Infinity":57,"s:145:4:145:Infinity":58,"s:148:19:148:Infinity":59,"b:150:2:154:Infinity:undefined:undefined:undefined:undefined":27,"s:150:2:154:Infinity":60,"s:151:19:151:Infinity":61,"f:151:47:151:54":6,"s:151:54:151:57":62,"s:152:4:152:Infinity":63,"s:153:4:153:Infinity":64,"b:153:20:153:37:153:37:153:68":28,"s:157:15:157:Infinity":65,"s:158:2:158:Infinity":66,"b:158:17:158:42:158:42:158:Infinity":29,"f:165:22:165:32":7,"s:166:18:166:Infinity":67,"b:167:2:167:Infinity:undefined:undefined:undefined:undefined":30,"s:167:2:167:Infinity":68,"s:167:16:167:Infinity":69,"s:169:17:173:Infinity":70,"s:175:2:179:Infinity":71,"f:186:22:186:34":8,"s:187:18:187:Infinity":72,"b:188:2:188:Infinity:undefined:undefined:undefined:undefined":31,"s:188:2:188:Infinity":73,"s:188:16:188:Infinity":74,"s:191:17:193:Infinity":75,"s:195:22:195:Infinity":76,"f:195:44:195:45":9,"s:195:51:195:74":77,"b:196:2:199:Infinity:undefined:undefined:undefined:undefined":32,"s:196:2:199:Infinity":78,"s:197:4:197:Infinity":79,"s:198:4:198:Infinity":80,"s:202:15:202:Infinity":81,"s:203:2:207:Infinity":82,"f:214:22:214:31":10,"s:215:18:215:Infinity":83,"b:216:2:216:Infinity:undefined:undefined:undefined:undefined":33,"s:216:2:216:Infinity":84,"s:216:16:216:Infinity":85,"s:218:2:225:Infinity":86,"f:232:22:232:33":11,"s:233:18:233:Infinity":87,"b:234:2:234:Infinity:undefined:undefined:undefined:undefined":34,"s:234:2:234:Infinity":88,"s:234:16:234:Infinity":89,"s:236:2:243:Infinity":90,"f:250:22:250:33":12,"s:251:2:251:Infinity":91}}}
,"/home/mike10010100/git/ergoblock/src/background.ts": {"path":"/home/mike10010100/git/ergoblock/src/background.ts","statementMap":{"0":{"start":{"line":11,"column":19},"end":{"line":11,"column":null}},"1":{"start":{"line":20,"column":17},"end":{"line":20,"column":null}},"2":{"start":{"line":21,"column":2},"end":{"line":21,"column":null}},"3":{"start":{"line":31,"column":18},"end":{"line":31,"column":null}},"4":{"start":{"line":32,"column":14},"end":{"line":32,"column":null}},"5":{"start":{"line":33,"column":2},"end":{"line":33,"column":null}},"6":{"start":{"line":35,"column":31},"end":{"line":41,"column":null}},"7":{"start":{"line":43,"column":2},"end":{"line":45,"column":null}},"8":{"start":{"line":44,"column":4},"end":{"line":44,"column":null}},"9":{"start":{"line":47,"column":19},"end":{"line":47,"column":null}},"10":{"start":{"line":49,"column":2},"end":{"line":57,"column":null}},"11":{"start":{"line":50,"column":4},"end":{"line":53,"column":null}},"12":{"start":{"line":51,"column":6},"end":{"line":51,"column":null}},"13":{"start":{"line":52,"column":6},"end":{"line":52,"column":null}},"14":{"start":{"line":54,"column":19},"end":{"line":54,"column":null}},"15":{"start":{"line":54,"column":54},"end":{"line":54,"column":57}},"16":{"start":{"line":55,"column":4},"end":{"line":55,"column":null}},"17":{"start":{"line":56,"column":4},"end":{"line":56,"column":null}},"18":{"start":{"line":60,"column":2},"end":{"line":60,"column":null}},"19":{"start":{"line":62,"column":15},"end":{"line":62,"column":null}},"20":{"start":{"line":63,"column":2},"end":{"line":63,"column":null}},"21":{"start":{"line":72,"column":17},"end":{"line":78,"column":null}},"22":{"start":{"line":80,"column":22},"end":{"line":80,"column":null}},"23":{"start":{"line":80,"column":51},"end":{"line":80,"column":74}},"24":{"start":{"line":81,"column":2},"end":{"line":84,"column":null}},"25":{"start":{"line":82,"column":4},"end":{"line":82,"column":null}},"26":{"start":{"line":83,"column":4},"end":{"line":83,"column":null}},"27":{"start":{"line":86,"column":15},"end":{"line":86,"column":null}},"28":{"start":{"line":87,"column":2},"end":{"line":97,"column":null}},"29":{"start":{"line":99,"column":2},"end":{"line":99,"column":null}},"30":{"start":{"line":103,"column":2},"end":{"line":103,"column":null}},"31":{"start":{"line":104,"column":2},"end":{"line":104,"column":null}},"32":{"start":{"line":108,"column":18},"end":{"line":108,"column":null}},"33":{"start":{"line":109,"column":2},"end":{"line":112,"column":null}},"34":{"start":{"line":110,"column":4},"end":{"line":110,"column":null}},"35":{"start":{"line":111,"column":4},"end":{"line":111,"column":null}},"36":{"start":{"line":114,"column":17},"end":{"line":114,"column":null}},"37":{"start":{"line":115,"column":16},"end":{"line":115,"column":null}},"38":{"start":{"line":116,"column":16},"end":{"line":116,"column":null}},"39":{"start":{"line":118,"column":2},"end":{"line":118,"column":null}},"40":{"start":{"line":119,"column":2},"end":{"line":119,"column":null}},"41":{"start":{"line":128,"column":18},"end":{"line":128,"column":null}},"42":{"start":{"line":129,"column":2},"end":{"line":131,"column":null}},"43":{"start":{"line":130,"column":4},"end":{"line":130,"column":null}},"44":{"start":{"line":136,"column":2},"end":{"line":142,"column":null}},"45":{"start":{"line":137,"column":4},"end":{"line":137,"column":null}},"46":{"start":{"line":138,"column":4},"end":{"line":138,"column":null}},"47":{"start":{"line":140,"column":4},"end":{"line":140,"column":null}},"48":{"start":{"line":141,"column":4},"end":{"line":141,"column":null}},"49":{"start":{"line":144,"column":2},"end":{"line":150,"column":null}},"50":{"start":{"line":154,"column":2},"end":{"line":154,"column":null}},"51":{"start":{"line":156,"column":15},"end":{"line":156,"column":null}},"52":{"start":{"line":157,"column":2},"end":{"line":161,"column":null}},"53":{"start":{"line":158,"column":4},"end":{"line":158,"column":null}},"54":{"start":{"line":159,"column":4},"end":{"line":159,"column":null}},"55":{"start":{"line":160,"column":4},"end":{"line":160,"column":null}},"56":{"start":{"line":163,"column":2},"end":{"line":163,"column":null}},"57":{"start":{"line":164,"column":14},"end":{"line":164,"column":null}},"58":{"start":{"line":167,"column":17},"end":{"line":167,"column":null}},"59":{"start":{"line":168,"column":64},"end":{"line":168,"column":null}},"60":{"start":{"line":170,"column":2},"end":{"line":213,"column":null}},"61":{"start":{"line":171,"column":4},"end":{"line":212,"column":null}},"62":{"start":{"line":172,"column":6},"end":{"line":172,"column":null}},"63":{"start":{"line":173,"column":6},"end":{"line":211,"column":null}},"64":{"start":{"line":174,"column":8},"end":{"line":174,"column":null}},"65":{"start":{"line":175,"column":8},"end":{"line":175,"column":null}},"66":{"start":{"line":176,"column":8},"end":{"line":184,"column":null}},"67":{"start":{"line":185,"column":8},"end":{"line":185,"column":null}},"68":{"start":{"line":186,"column":8},"end":{"line":186,"column":null}},"69":{"start":{"line":187,"column":8},"end":{"line":187,"column":null}},"70":{"start":{"line":189,"column":8},"end":{"line":189,"column":null}},"71":{"start":{"line":192,"column":8},"end":{"line":194,"column":null}},"72":{"start":{"line":193,"column":10},"end":{"line":193,"column":null}},"73":{"start":{"line":196,"column":8},"end":{"line":204,"column":null}},"74":{"start":{"line":205,"column":8},"end":{"line":210,"column":null}},"75":{"start":{"line":216,"column":16},"end":{"line":216,"column":null}},"76":{"start":{"line":217,"column":63},"end":{"line":217,"column":null}},"77":{"start":{"line":219,"column":2},"end":{"line":262,"column":null}},"78":{"start":{"line":220,"column":4},"end":{"line":261,"column":null}},"79":{"start":{"line":221,"column":6},"end":{"line":221,"column":null}},"80":{"start":{"line":222,"column":6},"end":{"line":260,"column":null}},"81":{"start":{"line":223,"column":8},"end":{"line":223,"column":null}},"82":{"start":{"line":224,"column":8},"end":{"line":224,"column":null}},"83":{"start":{"line":225,"column":8},"end":{"line":233,"column":null}},"84":{"start":{"line":234,"column":8},"end":{"line":234,"column":null}},"85":{"start":{"line":235,"column":8},"end":{"line":235,"column":null}},"86":{"start":{"line":236,"column":8},"end":{"line":236,"column":null}},"87":{"start":{"line":238,"column":8},"end":{"line":238,"column":null}},"88":{"start":{"line":241,"column":8},"end":{"line":243,"column":null}},"89":{"start":{"line":242,"column":10},"end":{"line":242,"column":null}},"90":{"start":{"line":245,"column":8},"end":{"line":253,"column":null}},"91":{"start":{"line":254,"column":8},"end":{"line":259,"column":null}},"92":{"start":{"line":264,"column":2},"end":{"line":264,"column":null}},"93":{"start":{"line":265,"column":2},"end":{"line":265,"column":null}},"94":{"start":{"line":269,"column":18},"end":{"line":269,"column":null}},"95":{"start":{"line":270,"column":26},"end":{"line":270,"column":null}},"96":{"start":{"line":272,"column":2},"end":{"line":272,"column":null}},"97":{"start":{"line":273,"column":2},"end":{"line":275,"column":null}},"98":{"start":{"line":276,"column":2},"end":{"line":276,"column":null}},"99":{"start":{"line":280,"column":0},"end":{"line":284,"column":null}},"100":{"start":{"line":281,"column":2},"end":{"line":283,"column":null}},"101":{"start":{"line":282,"column":4},"end":{"line":282,"column":null}},"102":{"start":{"line":292,"column":0},"end":{"line":313,"column":null}},"103":{"start":{"line":294,"column":4},"end":{"line":294,"column":null}},"104":{"start":{"line":296,"column":4},"end":{"line":299,"column":null}},"105":{"start":{"line":297,"column":6},"end":{"line":297,"column":null}},"106":{"start":{"line":298,"column":6},"end":{"line":298,"column":null}},"107":{"start":{"line":301,"column":4},"end":{"line":304,"column":null}},"108":{"start":{"line":302,"column":6},"end":{"line":302,"column":null}},"109":{"start":{"line":303,"column":6},"end":{"line":303,"column":null}},"110":{"start":{"line":306,"column":4},"end":{"line":309,"column":null}},"111":{"start":{"line":307,"column":6},"end":{"line":307,"column":null}},"112":{"start":{"line":307,"column":36},"end":{"line":307,"column":67}},"113":{"start":{"line":308,"column":6},"end":{"line":308,"column":null}},"114":{"start":{"line":311,"column":4},"end":{"line":311,"column":null}},"115":{"start":{"line":316,"column":0},"end":{"line":320,"column":null}},"116":{"start":{"line":317,"column":2},"end":{"line":317,"column":null}},"117":{"start":{"line":318,"column":2},"end":{"line":318,"column":null}},"118":{"start":{"line":319,"column":2},"end":{"line":319,"column":null}},"119":{"start":{"line":322,"column":0},"end":{"line":326,"column":null}},"120":{"start":{"line":323,"column":2},"end":{"line":323,"column":null}},"121":{"start":{"line":324,"column":2},"end":{"line":324,"column":null}},"122":{"start":{"line":325,"column":2},"end":{"line":325,"column":null}}},"fnMap":{"0":{"name":"getAuthToken","decl":{"start":{"line":19,"column":15},"end":{"line":19,"column":56}},"loc":{"start":{"line":19,"column":56},"end":{"line":22,"column":null}},"line":19},"1":{"name":"apiRequest","decl":{"start":{"line":24,"column":22},"end":{"line":24,"column":null}},"loc":{"start":{"line":30,"column":21},"end":{"line":64,"column":null}},"line":30},"2":{"name":"(anonymous_2)","decl":{"start":{"line":54,"column":47},"end":{"line":54,"column":54}},"loc":{"start":{"line":54,"column":54},"end":{"line":54,"column":57}},"line":54},"3":{"name":"unblockUser","decl":{"start":{"line":66,"column":22},"end":{"line":66,"column":null}},"loc":{"start":{"line":71,"column":20},"end":{"line":100,"column":null}},"line":71},"4":{"name":"(anonymous_4)","decl":{"start":{"line":80,"column":44},"end":{"line":80,"column":45}},"loc":{"start":{"line":80,"column":51},"end":{"line":80,"column":74}},"line":80},"5":{"name":"unmuteUser","decl":{"start":{"line":102,"column":22},"end":{"line":102,"column":33}},"loc":{"start":{"line":102,"column":95},"end":{"line":105,"column":null}},"line":102},"6":{"name":"updateBadge","decl":{"start":{"line":107,"column":22},"end":{"line":107,"column":51}},"loc":{"start":{"line":107,"column":51},"end":{"line":120,"column":null}},"line":107},"7":{"name":"sendNotification","decl":{"start":{"line":122,"column":22},"end":{"line":122,"column":null}},"loc":{"start":{"line":127,"column":17},"end":{"line":151,"column":null}},"line":127},"8":{"name":"checkExpirations","decl":{"start":{"line":153,"column":22},"end":{"line":153,"column":56}},"loc":{"start":{"line":153,"column":56},"end":{"line":266,"column":null}},"line":153},"9":{"name":"setupAlarm","decl":{"start":{"line":268,"column":22},"end":{"line":268,"column":50}},"loc":{"start":{"line":268,"column":50},"end":{"line":277,"column":null}},"line":268},"10":{"name":"(anonymous_10)","decl":{"start":{"line":280,"column":34},"end":{"line":280,"column":35}},"loc":{"start":{"line":280,"column":45},"end":{"line":284,"column":1}},"line":280},"11":{"name":"(anonymous_11)","decl":{"start":{"line":293,"column":2},"end":{"line":293,"column":3}},"loc":{"start":{"line":293,"column":98},"end":{"line":312,"column":null}},"line":293},"12":{"name":"(anonymous_12)","decl":{"start":{"line":307,"column":30},"end":{"line":307,"column":36}},"loc":{"start":{"line":307,"column":36},"end":{"line":307,"column":67}},"line":307},"13":{"name":"(anonymous_13)","decl":{"start":{"line":316,"column":39},"end":{"line":316,"column":45}},"loc":{"start":{"line":316,"column":45},"end":{"line":320,"column":1}},"line":316},"14":{"name":"(anonymous_14)","decl":{"start":{"line":322,"column":37},"end":{"line":322,"column":43}},"loc":{"start":{"line":322,"column":43},"end":{"line":326,"column":1}},"line":322}},"branchMap":{"0":{"loc":{"start":{"line":21,"column":10},"end":{"line":21,"column":null}},"type":"binary-expr","locations":[{"start":{"line":21,"column":10},"end":{"line":21,"column":43}},{"start":{"line":21,"column":43},"end":{"line":21,"column":null}}],"line":21},"1":{"loc":{"start":{"line":31,"column":18},"end":{"line":31,"column":null}},"type":"binary-expr","locations":[{"start":{"line":31,"column":18},"end":{"line":31,"column":28}},{"start":{"line":31,"column":28},"end":{"line":31,"column":null}}],"line":31},"2":{"loc":{"start":{"line":43,"column":2},"end":{"line":45,"column":null}},"type":"if","locations":[{"start":{"line":43,"column":2},"end":{"line":45,"column":null}},{"start":{},"end":{}}],"line":43},"3":{"loc":{"start":{"line":49,"column":2},"end":{"line":57,"column":null}},"type":"if","locations":[{"start":{"line":49,"column":2},"end":{"line":57,"column":null}},{"start":{},"end":{}}],"line":49},"4":{"loc":{"start":{"line":50,"column":4},"end":{"line":53,"column":null}},"type":"if","locations":[{"start":{"line":50,"column":4},"end":{"line":53,"column":null}},{"start":{},"end":{}}],"line":50},"5":{"loc":{"start":{"line":56,"column":20},"end":{"line":56,"column":68}},"type":"binary-expr","locations":[{"start":{"line":56,"column":20},"end":{"line":56,"column":37}},{"start":{"line":56,"column":37},"end":{"line":56,"column":68}}],"line":56},"6":{"loc":{"start":{"line":63,"column":9},"end":{"line":63,"column":null}},"type":"cond-expr","locations":[{"start":{"line":63,"column":17},"end":{"line":63,"column":42}},{"start":{"line":63,"column":42},"end":{"line":63,"column":null}}],"line":63},"7":{"loc":{"start":{"line":81,"column":2},"end":{"line":84,"column":null}},"type":"if","locations":[{"start":{"line":81,"column":2},"end":{"line":84,"column":null}},{"start":{},"end":{}}],"line":81},"8":{"loc":{"start":{"line":109,"column":2},"end":{"line":112,"column":null}},"type":"if","locations":[{"start":{"line":109,"column":2},"end":{"line":112,"column":null}},{"start":{},"end":{}}],"line":109},"9":{"loc":{"start":{"line":118,"column":43},"end":{"line":118,"column":77}},"type":"cond-expr","locations":[{"start":{"line":118,"column":55},"end":{"line":118,"column":74}},{"start":{"line":118,"column":74},"end":{"line":118,"column":77}}],"line":118},"10":{"loc":{"start":{"line":129,"column":2},"end":{"line":131,"column":null}},"type":"if","locations":[{"start":{"line":129,"column":2},"end":{"line":131,"column":null}},{"start":{},"end":{}}],"line":129},"11":{"loc":{"start":{"line":136,"column":2},"end":{"line":142,"column":null}},"type":"if","locations":[{"start":{"line":136,"column":2},"end":{"line":142,"column":null}},{"start":{"line":139,"column":9},"end":{"line":142,"column":null}}],"line":136},"12":{"loc":{"start":{"line":141,"column":49},"end":{"line":141,"column":73}},"type":"binary-expr","locations":[{"start":{"line":141,"column":49},"end":{"line":141,"column":58}},{"start":{"line":141,"column":58},"end":{"line":141,"column":73}}],"line":141},"13":{"loc":{"start":{"line":157,"column":2},"end":{"line":161,"column":null}},"type":"if","locations":[{"start":{"line":157,"column":2},"end":{"line":161,"column":null}},{"start":{},"end":{}}],"line":157},"14":{"loc":{"start":{"line":157,"column":6},"end":{"line":157,"column":55}},"type":"binary-expr","locations":[{"start":{"line":157,"column":6},"end":{"line":157,"column":26}},{"start":{"line":157,"column":26},"end":{"line":157,"column":40}},{"start":{"line":157,"column":40},"end":{"line":157,"column":55}}],"line":157},"15":{"loc":{"start":{"line":171,"column":4},"end":{"line":212,"column":null}},"type":"if","locations":[{"start":{"line":171,"column":4},"end":{"line":212,"column":null}},{"start":{},"end":{}}],"line":171},"16":{"loc":{"start":{"line":183,"column":20},"end":{"line":183,"column":null}},"type":"cond-expr","locations":[{"start":{"line":183,"column":37},"end":{"line":183,"column":67}},{"start":{"line":183,"column":67},"end":{"line":183,"column":null}}],"line":183},"17":{"loc":{"start":{"line":192,"column":8},"end":{"line":194,"column":null}},"type":"if","locations":[{"start":{"line":192,"column":8},"end":{"line":194,"column":null}},{"start":{},"end":{}}],"line":192},"18":{"loc":{"start":{"line":192,"column":12},"end":{"line":192,"column":69}},"type":"binary-expr","locations":[{"start":{"line":192,"column":12},"end":{"line":192,"column":38}},{"start":{"line":192,"column":38},"end":{"line":192,"column":69}}],"line":192},"19":{"loc":{"start":{"line":203,"column":17},"end":{"line":203,"column":null}},"type":"cond-expr","locations":[{"start":{"line":203,"column":42},"end":{"line":203,"column":58}},{"start":{"line":203,"column":58},"end":{"line":203,"column":null}}],"line":203},"20":{"loc":{"start":{"line":209,"column":10},"end":{"line":209,"column":null}},"type":"cond-expr","locations":[{"start":{"line":209,"column":35},"end":{"line":209,"column":51}},{"start":{"line":209,"column":51},"end":{"line":209,"column":null}}],"line":209},"21":{"loc":{"start":{"line":220,"column":4},"end":{"line":261,"column":null}},"type":"if","locations":[{"start":{"line":220,"column":4},"end":{"line":261,"column":null}},{"start":{},"end":{}}],"line":220},"22":{"loc":{"start":{"line":232,"column":20},"end":{"line":232,"column":null}},"type":"cond-expr","locations":[{"start":{"line":232,"column":37},"end":{"line":232,"column":67}},{"start":{"line":232,"column":67},"end":{"line":232,"column":null}}],"line":232},"23":{"loc":{"start":{"line":241,"column":8},"end":{"line":243,"column":null}},"type":"if","locations":[{"start":{"line":241,"column":8},"end":{"line":243,"column":null}},{"start":{},"end":{}}],"line":241},"24":{"loc":{"start":{"line":241,"column":12},"end":{"line":241,"column":69}},"type":"binary-expr","locations":[{"start":{"line":241,"column":12},"end":{"line":241,"column":38}},{"start":{"line":241,"column":38},"end":{"line":241,"column":69}}],"line":241},"25":{"loc":{"start":{"line":252,"column":17},"end":{"line":252,"column":null}},"type":"cond-expr","locations":[{"start":{"line":252,"column":42},"end":{"line":252,"column":58}},{"start":{"line":252,"column":58},"end":{"line":252,"column":null}}],"line":252},"26":{"loc":{"start":{"line":258,"column":10},"end":{"line":258,"column":null}},"type":"cond-expr","locations":[{"start":{"line":258,"column":35},"end":{"line":258,"column":51}},{"start":{"line":258,"column":51},"end":{"line":258,"column":null}}],"line":258},"27":{"loc":{"start":{"line":281,"column":2},"end":{"line":283,"column":null}},"type":"if","locations":[{"start":{"line":281,"column":2},"end":{"line":283,"column":null}},{"start":{},"end":{}}],"line":281},"28":{"loc":{"start":{"line":296,"column":4},"end":{"line":299,"column":null}},"type":"if","locations":[{"start":{"line":296,"column":4},"end":{"line":299,"column":null}},{"start":{},"end":{}}],"line":296},"29":{"loc":{"start":{"line":296,"column":8},"end":{"line":296,"column":83}},"type":"binary-expr","locations":[{"start":{"line":296,"column":8},"end":{"line":296,"column":47}},{"start":{"line":296,"column":47},"end":{"line":296,"column":83}}],"line":296},"30":{"loc":{"start":{"line":301,"column":4},"end":{"line":304,"column":null}},"type":"if","locations":[{"start":{"line":301,"column":4},"end":{"line":304,"column":null}},{"start":{},"end":{}}],"line":301},"31":{"loc":{"start":{"line":301,"column":8},"end":{"line":301,"column":59}},"type":"binary-expr","locations":[{"start":{"line":301,"column":8},"end":{"line":301,"column":45}},{"start":{"line":301,"column":45},"end":{"line":301,"column":59}}],"line":301},"32":{"loc":{"start":{"line":306,"column":4},"end":{"line":309,"column":null}},"type":"if","locations":[{"start":{"line":306,"column":4},"end":{"line":309,"column":null}},{"start":{},"end":{}}],"line":306}},"s":{"0":9,"1":2,"2":2,"3":5,"4":5,"5":5,"6":5,"7":5,"8":2,"9":5,"10":5,"11":1,"12":1,"13":1,"14":1,"15":0,"16":1,"17":1,"18":3,"19":3,"20":3,"21":2,"22":1,"23":1,"24":2,"25":0,"26":0,"27":1,"28":1,"29":1,"30":1,"31":1,"32":3,"33":3,"34":0,"35":0,"36":3,"37":3,"38":3,"39":3,"40":3,"41":1,"42":1,"43":0,"44":1,"45":0,"46":0,"47":1,"48":1,"49":1,"50":2,"51":2,"52":2,"53":1,"54":1,"55":1,"56":1,"57":1,"58":1,"59":1,"60":1,"61":1,"62":1,"63":1,"64":1,"65":0,"66":0,"67":0,"68":0,"69":0,"70":1,"71":1,"72":0,"73":1,"74":1,"75":1,"76":1,"77":1,"78":1,"79":0,"80":0,"81":0,"82":0,"83":0,"84":0,"85":0,"86":0,"87":0,"88":0,"89":0,"90":0,"91":0,"92":1,"93":1,"94":2,"95":2,"96":2,"97":2,"98":2,"99":9,"100":0,"101":0,"102":9,"103":2,"104":2,"105":1,"106":1,"107":2,"108":1,"109":1,"110":2,"111":0,"112":0,"113":0,"114":2,"115":9,"116":0,"117":0,"118":0,"119":9,"120":0,"121":0,"122":0},"f":{"0":2,"1":5,"2":0,"3":2,"4":1,"5":1,"6":3,"7":1,"8":2,"9":2,"10":0,"11":2,"12":0,"13":0,"14":0},"b":{"0":[2,1],"1":[5,0],"2":[2,3],"3":[1,4],"4":[1,0],"5":[1,0],"6":[1,2],"7":[0,2],"8":[0,3],"9":[2,1],"10":[0,1],"11":[0,1],"12":[1,0],"13":[1,1],"14":[2,1,1],"15":[1,0],"16":[0,0],"17":[0,1],"18":[1,1],"19":[1,0],"20":[1,0],"21":[0,1],"22":[0,0],"23":[0,0],"24":[0,0],"25":[0,0],"26":[0,0],"27":[0,0],"28":[1,1],"29":[2,1],"30":[1,1],"31":[2,1],"32":[0,2]},"meta":{"lastBranch":33,"lastFunction":15,"lastStatement":123,"seen":{"s:11:19:11:Infinity":0,"f:19:15:19:56":0,"s:20:17:20:Infinity":1,"s:21:2:21:Infinity":2,"b:21:10:21:43:21:43:21:Infinity":0,"f:24:22:24:Infinity":1,"s:31:18:31:Infinity":3,"b:31:18:31:28:31:28:31:Infinity":1,"s:32:14:32:Infinity":4,"s:33:2:33:Infinity":5,"s:35:31:41:Infinity":6,"b:43:2:45:Infinity:undefined:undefined:undefined:undefined":2,"s:43:2:45:Infinity":7,"s:44:4:44:Infinity":8,"s:47:19:47:Infinity":9,"b:49:2:57:Infinity:undefined:undefined:undefined:undefined":3,"s:49:2:57:Infinity":10,"b:50:4:53:Infinity:undefined:undefined:undefined:undefined":4,"s:50:4:53:Infinity":11,"s:51:6:51:Infinity":12,"s:52:6:52:Infinity":13,"s:54:19:54:Infinity":14,"f:54:47:54:54":2,"s:54:54:54:57":15,"s:55:4:55:Infinity":16,"s:56:4:56:Infinity":17,"b:56:20:56:37:56:37:56:68":5,"s:60:2:60:Infinity":18,"s:62:15:62:Infinity":19,"s:63:2:63:Infinity":20,"b:63:17:63:42:63:42:63:Infinity":6,"f:66:22:66:Infinity":3,"s:72:17:78:Infinity":21,"s:80:22:80:Infinity":22,"f:80:44:80:45":4,"s:80:51:80:74":23,"b:81:2:84:Infinity:undefined:undefined:undefined:undefined":7,"s:81:2:84:Infinity":24,"s:82:4:82:Infinity":25,"s:83:4:83:Infinity":26,"s:86:15:86:Infinity":27,"s:87:2:97:Infinity":28,"s:99:2:99:Infinity":29,"f:102:22:102:33":5,"s:103:2:103:Infinity":30,"s:104:2:104:Infinity":31,"f:107:22:107:51":6,"s:108:18:108:Infinity":32,"b:109:2:112:Infinity:undefined:undefined:undefined:undefined":8,"s:109:2:112:Infinity":33,"s:110:4:110:Infinity":34,"s:111:4:111:Infinity":35,"s:114:17:114:Infinity":36,"s:115:16:115:Infinity":37,"s:116:16:116:Infinity":38,"s:118:2:118:Infinity":39,"b:118:55:118:74:118:74:118:77":9,"s:119:2:119:Infinity":40,"f:122:22:122:Infinity":7,"s:128:18:128:Infinity":41,"b:129:2:131:Infinity:undefined:undefined:undefined:undefined":10,"s:129:2:131:Infinity":42,"s:130:4:130:Infinity":43,"b:136:2:142:Infinity:139:9:142:Infinity":11,"s:136:2:142:Infinity":44,"s:137:4:137:Infinity":45,"s:138:4:138:Infinity":46,"s:140:4:140:Infinity":47,"s:141:4:141:Infinity":48,"b:141:49:141:58:141:58:141:73":12,"s:144:2:150:Infinity":49,"f:153:22:153:56":8,"s:154:2:154:Infinity":50,"s:156:15:156:Infinity":51,"b:157:2:161:Infinity:undefined:undefined:undefined:undefined":13,"s:157:2:161:Infinity":52,"b:157:6:157:26:157:26:157:40:157:40:157:55":14,"s:158:4:158:Infinity":53,"s:159:4:159:Infinity":54,"s:160:4:160:Infinity":55,"s:163:2:163:Infinity":56,"s:164:14:164:Infinity":57,"s:167:17:167:Infinity":58,"s:168:64:168:Infinity":59,"s:170:2:213:Infinity":60,"b:171:4:212:Infinity:undefined:undefined:undefined:undefined":15,"s:171:4:212:Infinity":61,"s:172:6:172:Infinity":62,"s:173:6:211:Infinity":63,"s:174:8:174:Infinity":64,"s:175:8:175:Infinity":65,"s:176:8:184:Infinity":66,"b:183:37:183:67:183:67:183:Infinity":16,"s:185:8:185:Infinity":67,"s:186:8:186:Infinity":68,"s:187:8:187:Infinity":69,"s:189:8:189:Infinity":70,"b:192:8:194:Infinity:undefined:undefined:undefined:undefined":17,"s:192:8:194:Infinity":71,"b:192:12:192:38:192:38:192:69":18,"s:193:10:193:Infinity":72,"s:196:8:204:Infinity":73,"b:203:42:203:58:203:58:203:Infinity":19,"s:205:8:210:Infinity":74,"b:209:35:209:51:209:51:209:Infinity":20,"s:216:16:216:Infinity":75,"s:217:63:217:Infinity":76,"s:219:2:262:Infinity":77,"b:220:4:261:Infinity:undefined:undefined:undefined:undefined":21,"s:220:4:261:Infinity":78,"s:221:6:221:Infinity":79,"s:222:6:260:Infinity":80,"s:223:8:223:Infinity":81,"s:224:8:224:Infinity":82,"s:225:8:233:Infinity":83,"b:232:37:232:67:232:67:232:Infinity":22,"s:234:8:234:Infinity":84,"s:235:8:235:Infinity":85,"s:236:8:236:Infinity":86,"s:238:8:238:Infinity":87,"b:241:8:243:Infinity:undefined:undefined:undefined:undefined":23,"s:241:8:243:Infinity":88,"b:241:12:241:38:241:38:241:69":24,"s:242:10:242:Infinity":89,"s:245:8:253:Infinity":90,"b:252:42:252:58:252:58:252:Infinity":25,"s:254:8:259:Infinity":91,"b:258:35:258:51:258:51:258:Infinity":26,"s:264:2:264:Infinity":92,"s:265:2:265:Infinity":93,"f:268:22:268:50":9,"s:269:18:269:Infinity":94,"s:270:26:270:Infinity":95,"s:272:2:272:Infinity":96,"s:273:2:275:Infinity":97,"s:276:2:276:Infinity":98,"s:280:0:284:Infinity":99,"f:280:34:280:35":10,"b:281:2:283:Infinity:undefined:undefined:undefined:undefined":27,"s:281:2:283:Infinity":100,"s:282:4:282:Infinity":101,"s:292:0:313:Infinity":102,"f:293:2:293:3":11,"s:294:4:294:Infinity":103,"b:296:4:299:Infinity:undefined:undefined:undefined:undefined":28,"s:296:4:299:Infinity":104,"b:296:8:296:47:296:47:296:83":29,"s:297:6:297:Infinity":105,"s:298:6:298:Infinity":106,"b:301:4:304:Infinity:undefined:undefined:undefined:undefined":30,"s:301:4:304:Infinity":107,"b:301:8:301:45:301:45:301:59":31,"s:302:6:302:Infinity":108,"s:303:6:303:Infinity":109,"b:306:4:309:Infinity:undefined:undefined:undefined:undefined":32,"s:306:4:309:Infinity":110,"s:307:6:307:Infinity":111,"f:307:30:307:36":12,"s:307:36:307:67":112,"s:308:6:308:Infinity":113,"s:311:4:311:Infinity":114,"s:316:0:320:Infinity":115,"f:316:39:316:45":13,"s:317:2:317:Infinity":116,"s:318:2:318:Infinity":117,"s:319:2:319:Infinity":118,"s:322:0:326:Infinity":119,"f:322:37:322:43":14,"s:323:2:323:Infinity":120,"s:324:2:324:Infinity":121,"s:325:2:325:Infinity":122}}}
,"/home/mike10010100/git/ergoblock/src/storage.ts": {"path":"/home/mike10010100/git/ergoblock/src/storage.ts","statementMap":{"0":{"start":{"line":8,"column":21},"end":{"line":13,"column":null}},"1":{"start":{"line":15,"column":28},"end":{"line":15,"column":null}},"2":{"start":{"line":16,"column":28},"end":{"line":16,"column":null}},"3":{"start":{"line":36,"column":17},"end":{"line":36,"column":null}},"4":{"start":{"line":37,"column":2},"end":{"line":37,"column":null}},"5":{"start":{"line":44,"column":17},"end":{"line":44,"column":null}},"6":{"start":{"line":45,"column":2},"end":{"line":45,"column":null}},"7":{"start":{"line":59,"column":17},"end":{"line":59,"column":null}},"8":{"start":{"line":60,"column":2},"end":{"line":64,"column":null}},"9":{"start":{"line":65,"column":2},"end":{"line":65,"column":null}},"10":{"start":{"line":67,"column":2},"end":{"line":71,"column":null}},"11":{"start":{"line":79,"column":17},"end":{"line":79,"column":null}},"12":{"start":{"line":80,"column":2},"end":{"line":80,"column":null}},"13":{"start":{"line":81,"column":2},"end":{"line":81,"column":null}},"14":{"start":{"line":95,"column":16},"end":{"line":95,"column":null}},"15":{"start":{"line":96,"column":2},"end":{"line":100,"column":null}},"16":{"start":{"line":101,"column":2},"end":{"line":101,"column":null}},"17":{"start":{"line":103,"column":2},"end":{"line":107,"column":null}},"18":{"start":{"line":115,"column":16},"end":{"line":115,"column":null}},"19":{"start":{"line":116,"column":2},"end":{"line":116,"column":null}},"20":{"start":{"line":117,"column":2},"end":{"line":117,"column":null}},"21":{"start":{"line":128,"column":17},"end":{"line":128,"column":null}},"22":{"start":{"line":129,"column":2},"end":{"line":129,"column":null}},"23":{"start":{"line":136,"column":2},"end":{"line":136,"column":null}},"24":{"start":{"line":148,"column":17},"end":{"line":148,"column":null}},"25":{"start":{"line":149,"column":18},"end":{"line":149,"column":null}},"26":{"start":{"line":150,"column":2},"end":{"line":150,"column":null}},"27":{"start":{"line":159,"column":22},"end":{"line":162,"column":null}},"28":{"start":{"line":164,"column":18},"end":{"line":164,"column":null}},"29":{"start":{"line":165,"column":2},"end":{"line":165,"column":null}},"30":{"start":{"line":168,"column":18},"end":{"line":168,"column":null}},"31":{"start":{"line":170,"column":2},"end":{"line":170,"column":null}},"32":{"start":{"line":181,"column":17},"end":{"line":181,"column":null}},"33":{"start":{"line":182,"column":14},"end":{"line":182,"column":null}},"34":{"start":{"line":183,"column":33},"end":{"line":183,"column":null}},"35":{"start":{"line":185,"column":2},"end":{"line":189,"column":null}},"36":{"start":{"line":186,"column":4},"end":{"line":188,"column":null}},"37":{"start":{"line":187,"column":6},"end":{"line":187,"column":null}},"38":{"start":{"line":191,"column":2},"end":{"line":191,"column":null}},"39":{"start":{"line":198,"column":16},"end":{"line":198,"column":null}},"40":{"start":{"line":199,"column":14},"end":{"line":199,"column":null}},"41":{"start":{"line":200,"column":33},"end":{"line":200,"column":null}},"42":{"start":{"line":202,"column":2},"end":{"line":206,"column":null}},"43":{"start":{"line":203,"column":4},"end":{"line":205,"column":null}},"44":{"start":{"line":204,"column":6},"end":{"line":204,"column":null}},"45":{"start":{"line":208,"column":2},"end":{"line":208,"column":null}}},"fnMap":{"0":{"name":"getTempBlocks","decl":{"start":{"line":35,"column":22},"end":{"line":35,"column":62}},"loc":{"start":{"line":35,"column":62},"end":{"line":38,"column":null}},"line":35},"1":{"name":"getTempMutes","decl":{"start":{"line":43,"column":22},"end":{"line":43,"column":61}},"loc":{"start":{"line":43,"column":61},"end":{"line":46,"column":null}},"line":43},"2":{"name":"addTempBlock","decl":{"start":{"line":54,"column":22},"end":{"line":54,"column":null}},"loc":{"start":{"line":58,"column":17},"end":{"line":72,"column":null}},"line":58},"3":{"name":"removeTempBlock","decl":{"start":{"line":78,"column":22},"end":{"line":78,"column":38}},"loc":{"start":{"line":78,"column":66},"end":{"line":82,"column":null}},"line":78},"4":{"name":"addTempMute","decl":{"start":{"line":90,"column":22},"end":{"line":90,"column":null}},"loc":{"start":{"line":94,"column":17},"end":{"line":108,"column":null}},"line":94},"5":{"name":"removeTempMute","decl":{"start":{"line":114,"column":22},"end":{"line":114,"column":37}},"loc":{"start":{"line":114,"column":65},"end":{"line":118,"column":null}},"line":114},"6":{"name":"getOptions","decl":{"start":{"line":127,"column":22},"end":{"line":127,"column":62}},"loc":{"start":{"line":127,"column":62},"end":{"line":130,"column":null}},"line":127},"7":{"name":"setOptions","decl":{"start":{"line":135,"column":22},"end":{"line":135,"column":33}},"loc":{"start":{"line":135,"column":75},"end":{"line":137,"column":null}},"line":135},"8":{"name":"getActionHistory","decl":{"start":{"line":147,"column":22},"end":{"line":147,"column":66}},"loc":{"start":{"line":147,"column":66},"end":{"line":151,"column":null}},"line":147},"9":{"name":"addHistoryEntry","decl":{"start":{"line":157,"column":22},"end":{"line":157,"column":38}},"loc":{"start":{"line":157,"column":74},"end":{"line":171,"column":null}},"line":157},"10":{"name":"removeAllExpiredBlocks","decl":{"start":{"line":180,"column":22},"end":{"line":180,"column":62}},"loc":{"start":{"line":180,"column":62},"end":{"line":192,"column":null}},"line":180},"11":{"name":"removeAllExpiredMutes","decl":{"start":{"line":197,"column":22},"end":{"line":197,"column":61}},"loc":{"start":{"line":197,"column":61},"end":{"line":209,"column":null}},"line":197}},"branchMap":{"0":{"loc":{"start":{"line":37,"column":10},"end":{"line":37,"column":null}},"type":"binary-expr","locations":[{"start":{"line":37,"column":10},"end":{"line":37,"column":64}},{"start":{"line":37,"column":64},"end":{"line":37,"column":null}}],"line":37},"1":{"loc":{"start":{"line":45,"column":10},"end":{"line":45,"column":null}},"type":"binary-expr","locations":[{"start":{"line":45,"column":10},"end":{"line":45,"column":63}},{"start":{"line":45,"column":63},"end":{"line":45,"column":null}}],"line":45},"2":{"loc":{"start":{"line":57,"column":2},"end":{"line":57,"column":null}},"type":"default-arg","locations":[{"start":{"line":57,"column":23},"end":{"line":57,"column":null}}],"line":57},"3":{"loc":{"start":{"line":93,"column":2},"end":{"line":93,"column":null}},"type":"default-arg","locations":[{"start":{"line":93,"column":23},"end":{"line":93,"column":null}}],"line":93},"4":{"loc":{"start":{"line":129,"column":10},"end":{"line":129,"column":null}},"type":"binary-expr","locations":[{"start":{"line":129,"column":10},"end":{"line":129,"column":63}},{"start":{"line":129,"column":63},"end":{"line":129,"column":null}}],"line":129},"5":{"loc":{"start":{"line":149,"column":18},"end":{"line":149,"column":null}},"type":"binary-expr","locations":[{"start":{"line":149,"column":18},"end":{"line":149,"column":57}},{"start":{"line":149,"column":57},"end":{"line":149,"column":null}}],"line":149},"6":{"loc":{"start":{"line":161,"column":8},"end":{"line":161,"column":null}},"type":"binary-expr","locations":[{"start":{"line":161,"column":8},"end":{"line":161,"column":20}},{"start":{"line":161,"column":20},"end":{"line":161,"column":null}}],"line":161},"7":{"loc":{"start":{"line":186,"column":4},"end":{"line":188,"column":null}},"type":"if","locations":[{"start":{"line":186,"column":4},"end":{"line":188,"column":null}},{"start":{},"end":{}}],"line":186},"8":{"loc":{"start":{"line":203,"column":4},"end":{"line":205,"column":null}},"type":"if","locations":[{"start":{"line":203,"column":4},"end":{"line":205,"column":null}},{"start":{},"end":{}}],"line":203}},"s":{"0":16,"1":16,"2":16,"3":28,"4":28,"5":18,"6":18,"7":10,"8":10,"9":10,"10":10,"11":3,"12":3,"13":3,"14":7,"15":7,"16":7,"17":7,"18":1,"19":1,"20":1,"21":5,"22":5,"23":2,"24":124,"25":124,"26":124,"27":117,"28":117,"29":117,"30":117,"31":117,"32":2,"33":2,"34":2,"35":2,"36":5,"37":2,"38":2,"39":2,"40":2,"41":2,"42":2,"43":4,"44":2,"45":2},"f":{"0":28,"1":18,"2":10,"3":3,"4":7,"5":1,"6":5,"7":2,"8":124,"9":117,"10":2,"11":2},"b":{"0":[28,8],"1":[18,6],"2":[10],"3":[7],"4":[5,3],"5":[124,7],"6":[117,117],"7":[2,3],"8":[2,2]},"meta":{"lastBranch":9,"lastFunction":12,"lastStatement":46,"seen":{"s:8:21:13:Infinity":0,"s:15:28:15:Infinity":1,"s:16:28:16:Infinity":2,"f:35:22:35:62":0,"s:36:17:36:Infinity":3,"s:37:2:37:Infinity":4,"b:37:10:37:64:37:64:37:Infinity":0,"f:43:22:43:61":1,"s:44:17:44:Infinity":5,"s:45:2:45:Infinity":6,"b:45:10:45:63:45:63:45:Infinity":1,"f:54:22:54:Infinity":2,"b:57:23:57:Infinity":2,"s:59:17:59:Infinity":7,"s:60:2:64:Infinity":8,"s:65:2:65:Infinity":9,"s:67:2:71:Infinity":10,"f:78:22:78:38":3,"s:79:17:79:Infinity":11,"s:80:2:80:Infinity":12,"s:81:2:81:Infinity":13,"f:90:22:90:Infinity":4,"b:93:23:93:Infinity":3,"s:95:16:95:Infinity":14,"s:96:2:100:Infinity":15,"s:101:2:101:Infinity":16,"s:103:2:107:Infinity":17,"f:114:22:114:37":5,"s:115:16:115:Infinity":18,"s:116:2:116:Infinity":19,"s:117:2:117:Infinity":20,"f:127:22:127:62":6,"s:128:17:128:Infinity":21,"s:129:2:129:Infinity":22,"b:129:10:129:63:129:63:129:Infinity":4,"f:135:22:135:33":7,"s:136:2:136:Infinity":23,"f:147:22:147:66":8,"s:148:17:148:Infinity":24,"s:149:18:149:Infinity":25,"b:149:18:149:57:149:57:149:Infinity":5,"s:150:2:150:Infinity":26,"f:157:22:157:38":9,"s:159:22:162:Infinity":27,"b:161:8:161:20:161:20:161:Infinity":6,"s:164:18:164:Infinity":28,"s:165:2:165:Infinity":29,"s:168:18:168:Infinity":30,"s:170:2:170:Infinity":31,"f:180:22:180:62":10,"s:181:17:181:Infinity":32,"s:182:14:182:Infinity":33,"s:183:33:183:Infinity":34,"s:185:2:189:Infinity":35,"b:186:4:188:Infinity:undefined:undefined:undefined:undefined":7,"s:186:4:188:Infinity":36,"s:187:6:187:Infinity":37,"s:191:2:191:Infinity":38,"f:197:22:197:61":11,"s:198:16:198:Infinity":39,"s:199:14:199:Infinity":40,"s:200:33:200:Infinity":41,"s:202:2:206:Infinity":42,"b:203:4:205:Infinity:undefined:undefined:undefined:undefined":8,"s:203:4:205:Infinity":43,"s:204:6:204:Infinity":44,"s:208:2:208:Infinity":45}}}
,"/home/mike10010100/git/ergoblock/src/types.ts": {"path":"/home/mike10010100/git/ergoblock/src/types.ts","statementMap":{"0":{"start":{"line":15,"column":49},"end":{"line":23,"column":null}}},"fnMap":{},"branchMap":{},"s":{"0":19},"f":{},"b":{},"meta":{"lastBranch":0,"lastFunction":0,"lastStatement":1,"seen":{"s:15:49:23:Infinity":0}}}
}
